

Started GET "/" for 127.0.0.1 at 2016-12-04 06:48:43 -0600
Processing by GeneratorController#index as HTML
  Rendered generator/index.html.erb within layouts/application (2.0ms)
Completed 200 OK in 963ms (Views: 679.9ms | ActiveRecord: 0.0ms)


Started GET "/assets/generator.self-19a187bec6cdb96d6de80a61c16c857c613536adf9138476bd367db38d282635.js?body=1" for 127.0.0.1 at 2016-12-04 06:48:44 -0600


Started GET "/assets/generator.self-e3b0c44298fc1c149afbf4c8996fb92427ae41e4649b934ca495991b7852b855.css?body=1" for 127.0.0.1 at 2016-12-04 06:48:44 -0600


Started GET "/" for ::1 at 2016-12-04 06:50:03 -0600
Processing by GeneratorController#index as HTML
  Rendered generator/index.html.erb within layouts/application (1.0ms)
Completed 200 OK in 329ms (Views: 68.0ms | ActiveRecord: 0.0ms)


Started POST "/generator/generate" for ::1 at 2016-12-04 06:51:22 -0600

ActionController::RoutingError (No route matches [POST] "/generator/generate"):
  actionpack (4.2.5.1) lib/action_dispatch/middleware/debug_exceptions.rb:21:in `call'
  web-console (2.3.0) lib/web_console/middleware.rb:28:in `block in call'
  web-console (2.3.0) lib/web_console/middleware.rb:18:in `catch'
  web-console (2.3.0) lib/web_console/middleware.rb:18:in `call'
  actionpack (4.2.5.1) lib/action_dispatch/middleware/show_exceptions.rb:30:in `call'
  railties (4.2.5.1) lib/rails/rack/logger.rb:38:in `call_app'
  railties (4.2.5.1) lib/rails/rack/logger.rb:20:in `block in call'
  activesupport (4.2.5.1) lib/active_support/tagged_logging.rb:68:in `block in tagged'
  activesupport (4.2.5.1) lib/active_support/tagged_logging.rb:26:in `tagged'
  activesupport (4.2.5.1) lib/active_support/tagged_logging.rb:68:in `tagged'
  railties (4.2.5.1) lib/rails/rack/logger.rb:20:in `call'
  actionpack (4.2.5.1) lib/action_dispatch/middleware/request_id.rb:21:in `call'
  rack (1.6.5) lib/rack/methodoverride.rb:22:in `call'
  rack (1.6.5) lib/rack/runtime.rb:18:in `call'
  activesupport (4.2.5.1) lib/active_support/cache/strategy/local_cache_middleware.rb:28:in `call'
  rack (1.6.5) lib/rack/lock.rb:17:in `call'
  actionpack (4.2.5.1) lib/action_dispatch/middleware/static.rb:116:in `call'
  rack (1.6.5) lib/rack/sendfile.rb:113:in `call'
  railties (4.2.5.1) lib/rails/engine.rb:518:in `call'
  railties (4.2.5.1) lib/rails/application.rb:165:in `call'
  rack (1.6.5) lib/rack/lock.rb:17:in `call'
  rack (1.6.5) lib/rack/content_length.rb:15:in `call'
  rack (1.6.5) lib/rack/handler/webrick.rb:88:in `service'
  C:/RailsInstaller/Ruby2.2.0/lib/ruby/2.2.0/webrick/httpserver.rb:138:in `service'
  C:/RailsInstaller/Ruby2.2.0/lib/ruby/2.2.0/webrick/httpserver.rb:94:in `run'
  C:/RailsInstaller/Ruby2.2.0/lib/ruby/2.2.0/webrick/server.rb:294:in `block in start_thread'


  Rendered C:/RailsInstaller/Ruby2.2.0/lib/ruby/gems/2.2.0/gems/actionpack-4.2.5.1/lib/action_dispatch/middleware/templates/rescues/_trace.html.erb (1.5ms)
  Rendered C:/RailsInstaller/Ruby2.2.0/lib/ruby/gems/2.2.0/gems/actionpack-4.2.5.1/lib/action_dispatch/middleware/templates/routes/_route.html.erb (2.5ms)
  Rendered C:/RailsInstaller/Ruby2.2.0/lib/ruby/gems/2.2.0/gems/actionpack-4.2.5.1/lib/action_dispatch/middleware/templates/routes/_table.html.erb (16.1ms)
  Rendered C:/RailsInstaller/Ruby2.2.0/lib/ruby/gems/2.2.0/gems/actionpack-4.2.5.1/lib/action_dispatch/middleware/templates/rescues/_request_and_response.html.erb (2.0ms)
  Rendered C:/RailsInstaller/Ruby2.2.0/lib/ruby/gems/2.2.0/gems/actionpack-4.2.5.1/lib/action_dispatch/middleware/templates/rescues/routing_error.html.erb within rescues/layout (1072.0ms)
  Rendered C:/RailsInstaller/Ruby2.2.0/lib/ruby/gems/2.2.0/gems/web-console-2.3.0/lib/web_console/templates/_markup.html.erb (0.5ms)
  Rendered C:/RailsInstaller/Ruby2.2.0/lib/ruby/gems/2.2.0/gems/web-console-2.3.0/lib/web_console/templates/_inner_console_markup.html.erb within layouts/inlined_string (0.0ms)
  Rendered C:/RailsInstaller/Ruby2.2.0/lib/ruby/gems/2.2.0/gems/web-console-2.3.0/lib/web_console/templates/_prompt_box_markup.html.erb within layouts/inlined_string (0.5ms)
  Rendered C:/RailsInstaller/Ruby2.2.0/lib/ruby/gems/2.2.0/gems/web-console-2.3.0/lib/web_console/templates/style.css.erb within layouts/inlined_string (0.0ms)
  Rendered C:/RailsInstaller/Ruby2.2.0/lib/ruby/gems/2.2.0/gems/web-console-2.3.0/lib/web_console/templates/console.js.erb within layouts/javascript (1106.9ms)
  Rendered C:/RailsInstaller/Ruby2.2.0/lib/ruby/gems/2.2.0/gems/web-console-2.3.0/lib/web_console/templates/main.js.erb within layouts/javascript (0.5ms)
  Rendered C:/RailsInstaller/Ruby2.2.0/lib/ruby/gems/2.2.0/gems/web-console-2.3.0/lib/web_console/templates/error_page.js.erb within layouts/javascript (0.5ms)
  Rendered C:/RailsInstaller/Ruby2.2.0/lib/ruby/gems/2.2.0/gems/web-console-2.3.0/lib/web_console/templates/index.html.erb (1868.2ms)


Started GET "/" for ::1 at 2016-12-04 06:52:17 -0600
Processing by GeneratorController#index as HTML
  Rendered generator/index.html.erb within layouts/application (0.5ms)
Completed 200 OK in 327ms (Views: 69.2ms | ActiveRecord: 0.0ms)


Started GET "/generator/generate?authenticity_token=3Dng%2BwcD4%2BjmaSjdWfm099YNLAYFV3SNTyGV3oCc21ZefIfRPywv5tb6x93IF75DllVvPaUHMuZEAP9mAEWsmw%3D%3D" for ::1 at 2016-12-04 06:52:19 -0600
Processing by GeneratorController#generate as HTML
  Parameters: {"authenticity_token"=>"3Dng+wcD4+jmaSjdWfm099YNLAYFV3SNTyGV3oCc21ZefIfRPywv5tb6x93IF75DllVvPaUHMuZEAP9mAEWsmw=="}
Redirected to http://localhost:3000/
Completed 302 Found in 230ms (ActiveRecord: 0.0ms)


Started GET "/" for ::1 at 2016-12-04 06:52:19 -0600
Processing by GeneratorController#index as HTML
  Rendered generator/index.html.erb within layouts/application (0.0ms)
Completed 200 OK in 323ms (Views: 66.8ms | ActiveRecord: 0.0ms)


Started GET "/" for ::1 at 2016-12-04 06:55:47 -0600
Processing by GeneratorController#index as HTML
  Rendered generator/index.html.erb within layouts/application (0.5ms)
Completed 200 OK in 329ms (Views: 70.3ms | ActiveRecord: 0.0ms)


Started GET "/generator/generate?authenticity_token=J0oSecBrwOqH4sNoClORZoPAlDyotP%2F8Nm7iXOBIMSelD3VT%2BEQM5LdxLGibvZvSw5jXBwjkuZc9T4jkYJFG6g%3D%3D" for ::1 at 2016-12-04 06:55:52 -0600
Processing by GeneratorController#generate as HTML
  Parameters: {"authenticity_token"=>"J0oSecBrwOqH4sNoClORZoPAlDyotP/8Nm7iXOBIMSelD3VT+EQM5LdxLGibvZvSw5jXBwjkuZc9T4jkYJFG6g=="}
Redirected to http://localhost:3000/
Completed 302 Found in 240ms (ActiveRecord: 0.0ms)


Started GET "/" for ::1 at 2016-12-04 06:55:52 -0600
Processing by GeneratorController#index as HTML
  Rendered generator/index.html.erb within layouts/application (0.0ms)
Completed 200 OK in 328ms (Views: 67.5ms | ActiveRecord: 0.0ms)


Started GET "/generator/generate?authenticity_token=sCvQU0cP18QsCPSo2OWYug7wnuaUWVf1nsZfZIAkHukybrd5fyAbyhybG6hJC5IOTqjd3TQJEZ6V5zXcAP1pJA%3D%3D" for ::1 at 2016-12-04 06:55:53 -0600
Processing by GeneratorController#generate as HTML
  Parameters: {"authenticity_token"=>"sCvQU0cP18QsCPSo2OWYug7wnuaUWVf1nsZfZIAkHukybrd5fyAbyhybG6hJC5IOTqjd3TQJEZ6V5zXcAP1pJA=="}
Redirected to http://localhost:3000/
Completed 302 Found in 241ms (ActiveRecord: 0.0ms)


Started GET "/" for ::1 at 2016-12-04 06:55:54 -0600
Processing by GeneratorController#index as HTML
  Rendered generator/index.html.erb within layouts/application (0.0ms)
Completed 200 OK in 325ms (Views: 67.7ms | ActiveRecord: 0.0ms)


Started GET "/generator/generate?authenticity_token=%2FvMzCQY3vq%2FuZ3Wb5bBTDpiOnbjQYfiNKVB%2FMFaw0pd8tlQjPhhyod70mpt0Xlm62Nbeg3AxvuYicRWI1mmlWg%3D%3D" for ::1 at 2016-12-04 06:55:55 -0600
Processing by GeneratorController#generate as HTML
  Parameters: {"authenticity_token"=>"/vMzCQY3vq/uZ3Wb5bBTDpiOnbjQYfiNKVB/MFaw0pd8tlQjPhhyod70mpt0Xlm62Nbeg3AxvuYicRWI1mmlWg=="}
Redirected to http://localhost:3000/
Completed 302 Found in 239ms (ActiveRecord: 0.0ms)


Started GET "/" for ::1 at 2016-12-04 06:55:55 -0600
Processing by GeneratorController#index as HTML
  Rendered generator/index.html.erb within layouts/application (0.0ms)
Completed 200 OK in 327ms (Views: 68.4ms | ActiveRecord: 0.0ms)


Started GET "/" for ::1 at 2016-12-04 06:56:04 -0600
Processing by GeneratorController#index as HTML
  Rendered generator/index.html.erb within layouts/application (0.5ms)
Completed 200 OK in 337ms (Views: 73.2ms | ActiveRecord: 0.0ms)


Started GET "/generator/generate?authenticity_token=QW7B0M7kAidFwlABxbVtWnUthIGTIDh9fjS8tO7%2BMk3DK6b69svOKXVRvwFUW2fuNXXHujNwfhZ1FdYMbidFgA%3D%3D" for ::1 at 2016-12-04 06:56:06 -0600
Processing by GeneratorController#generate as HTML
  Parameters: {"authenticity_token"=>"QW7B0M7kAidFwlABxbVtWnUthIGTIDh9fjS8tO7+Mk3DK6b69svOKXVRvwFUW2fuNXXHujNwfhZ1FdYMbidFgA=="}
Redirected to http://localhost:3000/
Completed 302 Found in 240ms (ActiveRecord: 0.0ms)


Started GET "/" for ::1 at 2016-12-04 06:56:07 -0600
Processing by GeneratorController#index as HTML
  Rendered generator/index.html.erb within layouts/application (0.0ms)
Completed 200 OK in 331ms (Views: 74.5ms | ActiveRecord: 0.0ms)


Started GET "/generator/generate?authenticity_token=k8IRZHSTLsCjZjGJG%2BVERq6af%2B98%2B4bCoHaaTrTPkRoRh3ZOTLzizpP13omKC07y7sI81NyrwKmrV%2FD2NBbm1w%3D%3D" for ::1 at 2016-12-04 06:56:08 -0600
Processing by GeneratorController#generate as HTML
  Parameters: {"authenticity_token"=>"k8IRZHSTLsCjZjGJG+VERq6af+98+4bCoHaaTrTPkRoRh3ZOTLzizpP13omKC07y7sI81NyrwKmrV/D2NBbm1w=="}
Redirected to http://localhost:3000/
Completed 302 Found in 240ms (ActiveRecord: 0.0ms)


Started GET "/" for ::1 at 2016-12-04 06:56:08 -0600
Processing by GeneratorController#index as HTML
  Rendered generator/index.html.erb within layouts/application (0.0ms)
Completed 200 OK in 331ms (Views: 69.4ms | ActiveRecord: 0.0ms)


Started GET "/generator/generate?authenticity_token=KGQ%2BdtrWsAaMxznUYaJUn1KtYwDbq1oA1d5HkuQtEZKqIVlc4vl8CLxU1tTwTF4rEvUgO3v7HGve%2Fy0qZPRmXw%3D%3D" for ::1 at 2016-12-04 06:56:09 -0600
Processing by GeneratorController#generate as HTML
  Parameters: {"authenticity_token"=>"KGQ+dtrWsAaMxznUYaJUn1KtYwDbq1oA1d5HkuQtEZKqIVlc4vl8CLxU1tTwTF4rEvUgO3v7HGve/y0qZPRmXw=="}
Redirected to http://localhost:3000/
Completed 302 Found in 233ms (ActiveRecord: 0.0ms)


Started GET "/" for ::1 at 2016-12-04 06:56:09 -0600
Processing by GeneratorController#index as HTML
  Rendered generator/index.html.erb within layouts/application (0.5ms)
Completed 200 OK in 333ms (Views: 70.6ms | ActiveRecord: 0.0ms)


Started GET "/generator/generate?authenticity_token=XUq47OR%2BrxEdvUZoJsFgj%2Bnxp9R9uTnRZPh6H3Ux%2BWPfD9%2FG3FFjHy0uqWi3L2o7qank793pf7pv2RCn9eiOrg%3D%3D" for ::1 at 2016-12-04 06:56:10 -0600
Processing by GeneratorController#generate as HTML
  Parameters: {"authenticity_token"=>"XUq47OR+rxEdvUZoJsFgj+nxp9R9uTnRZPh6H3Ux+WPfD9/G3FFjHy0uqWi3L2o7qank793pf7pv2RCn9eiOrg=="}
Redirected to http://localhost:3000/
Completed 302 Found in 238ms (ActiveRecord: 0.0ms)


Started GET "/" for ::1 at 2016-12-04 06:56:10 -0600
Processing by GeneratorController#index as HTML
  Rendered generator/index.html.erb within layouts/application (0.5ms)
Completed 200 OK in 331ms (Views: 66.7ms | ActiveRecord: 0.0ms)


Started GET "/generator/generate?authenticity_token=Jk9JQbgtvQC3NzSYk1exI9HrB5w4uRTcQm%2F61fiZAcKkCi5rgAJxDoek25gCubuXkbNEp5jpUrdJTpBteEB2Dw%3D%3D" for ::1 at 2016-12-04 06:56:11 -0600
Processing by GeneratorController#generate as HTML
  Parameters: {"authenticity_token"=>"Jk9JQbgtvQC3NzSYk1exI9HrB5w4uRTcQm/61fiZAcKkCi5rgAJxDoek25gCubuXkbNEp5jpUrdJTpBteEB2Dw=="}
Redirected to http://localhost:3000/
Completed 302 Found in 238ms (ActiveRecord: 0.0ms)


Started GET "/" for ::1 at 2016-12-04 06:56:12 -0600
Processing by GeneratorController#index as HTML
  Rendered generator/index.html.erb within layouts/application (0.5ms)
Completed 200 OK in 333ms (Views: 68.5ms | ActiveRecord: 0.0ms)


Started GET "/generator/generate?authenticity_token=7DaNWV89aNLwN4p0qEmXOwBYERPwhCcgtswmQozJEDJuc%2BpzZxKk3MCkZXQ5p52PQABSKFDUYUu97Uz6DBBn%2Fw%3D%3D" for ::1 at 2016-12-04 06:56:12 -0600
Processing by GeneratorController#generate as HTML
  Parameters: {"authenticity_token"=>"7DaNWV89aNLwN4p0qEmXOwBYERPwhCcgtswmQozJEDJuc+pzZxKk3MCkZXQ5p52PQABSKFDUYUu97Uz6DBBn/w=="}
Redirected to http://localhost:3000/
Completed 302 Found in 243ms (ActiveRecord: 0.0ms)


Started GET "/" for ::1 at 2016-12-04 06:56:13 -0600
Processing by GeneratorController#index as HTML
  Rendered generator/index.html.erb within layouts/application (0.0ms)
Completed 200 OK in 434ms (Views: 128.8ms | ActiveRecord: 0.0ms)
