  [1m[36m (157.3ms)[0m  [1mCREATE TABLE "schema_migrations" ("version" varchar NOT NULL) [0m
  [1m[35m (0.5ms)[0m  select sqlite_version(*)
  [1m[36m (129.8ms)[0m  [1mCREATE UNIQUE INDEX "unique_schema_migrations" ON "schema_migrations" ("version")[0m
  [1m[35mActiveRecord::SchemaMigration Load (1.0ms)[0m  SELECT "schema_migrations".* FROM "schema_migrations"
Migrating to CreateUsers (20161204233446)
  [1m[36m (0.0ms)[0m  [1mbegin transaction[0m
  [1m[35m (1.5ms)[0m  CREATE TABLE "users" ("id" INTEGER PRIMARY KEY AUTOINCREMENT NOT NULL, "first_name" varchar, "last_name" varchar, "created_at" datetime NOT NULL, "updated_at" datetime NOT NULL) 
  [1m[36mSQL (0.5ms)[0m  [1mINSERT INTO "schema_migrations" ("version") VALUES (?)[0m  [["version", "20161204233446"]]
  [1m[35m (115.5ms)[0m  commit transaction
Migrating to CreateFriendships (20161204233547)
  [1m[36m (0.5ms)[0m  [1mbegin transaction[0m
  [1m[35m (3.5ms)[0m  CREATE TABLE "friendships" ("id" INTEGER PRIMARY KEY AUTOINCREMENT NOT NULL, "user_id" integer, "friend_id" integer, "created_at" datetime NOT NULL, "updated_at" datetime NOT NULL) 
  [1m[36m (0.5ms)[0m  [1mCREATE  INDEX "index_friendships_on_user_id" ON "friendships" ("user_id")[0m
  [1m[35m (0.5ms)[0m              SELECT sql
            FROM sqlite_master
            WHERE name='index_friendships_on_user_id' AND type='index'
            UNION ALL
            SELECT sql
            FROM sqlite_temp_master
            WHERE name='index_friendships_on_user_id' AND type='index'

  [1m[36m (0.5ms)[0m  [1mCREATE  INDEX "index_friendships_on_friend_id" ON "friendships" ("friend_id")[0m
  [1m[35mSQL (0.5ms)[0m  INSERT INTO "schema_migrations" ("version") VALUES (?)  [["version", "20161204233547"]]
  [1m[36m (113.7ms)[0m  [1mcommit transaction[0m
  [1m[35mActiveRecord::SchemaMigration Load (0.5ms)[0m  SELECT "schema_migrations".* FROM "schema_migrations"
  [1m[36m (0.0ms)[0m  [1m            SELECT sql
            FROM sqlite_master
            WHERE name='index_friendships_on_friend_id' AND type='index'
            UNION ALL
            SELECT sql
            FROM sqlite_temp_master
            WHERE name='index_friendships_on_friend_id' AND type='index'
[0m
  [1m[35m (0.0ms)[0m              SELECT sql
            FROM sqlite_master
            WHERE name='index_friendships_on_user_id' AND type='index'
            UNION ALL
            SELECT sql
            FROM sqlite_temp_master
            WHERE name='index_friendships_on_user_id' AND type='index'

  [1m[36m (0.0ms)[0m  [1mbegin transaction[0m
  [1m[35mSQL (2.3ms)[0m  INSERT INTO "users" ("first_name", "last_name", "created_at", "updated_at") VALUES (?, ?, ?, ?)  [["first_name", "Borvo the Hutt"], ["last_name", "Gungan"], ["created_at", "2016-12-04 23:44:52.598479"], ["updated_at", "2016-12-04 23:44:52.598479"]]
  [1m[36m (137.0ms)[0m  [1mcommit transaction[0m
  [1m[35m (0.5ms)[0m  begin transaction
  [1m[36mSQL (3.0ms)[0m  [1mINSERT INTO "users" ("first_name", "last_name", "created_at", "updated_at") VALUES (?, ?, ?, ?)[0m  [["first_name", "Ki-Adi-Mundi"], ["last_name", "Ithorian"], ["created_at", "2016-12-04 23:44:52.748985"], ["updated_at", "2016-12-04 23:44:52.748985"]]
  [1m[35m (99.4ms)[0m  commit transaction
  [1m[36m (0.0ms)[0m  [1mbegin transaction[0m
  [1m[35mSQL (1.5ms)[0m  INSERT INTO "users" ("first_name", "last_name", "created_at", "updated_at") VALUES (?, ?, ?, ?)  [["first_name", "Obi-Wan Kenobi"], ["last_name", "Mon Calamari"], ["created_at", "2016-12-04 23:44:52.858387"], ["updated_at", "2016-12-04 23:44:52.858387"]]
  [1m[36m (85.0ms)[0m  [1mcommit transaction[0m
  [1m[35m (0.0ms)[0m  begin transaction
  [1m[36mSQL (3.5ms)[0m  [1mINSERT INTO "users" ("first_name", "last_name", "created_at", "updated_at") VALUES (?, ?, ?, ?)[0m  [["first_name", "Leia Organa"], ["last_name", "Hutt"], ["created_at", "2016-12-04 23:44:52.950390"], ["updated_at", "2016-12-04 23:44:52.950390"]]
  [1m[35m (89.7ms)[0m  commit transaction
  [1m[36m (0.0ms)[0m  [1mbegin transaction[0m
  [1m[35mSQL (2.5ms)[0m  INSERT INTO "users" ("first_name", "last_name", "created_at", "updated_at") VALUES (?, ?, ?, ?)  [["first_name", "Anakin Skywalker"], ["last_name", "Ithorian"], ["created_at", "2016-12-04 23:44:53.052580"], ["updated_at", "2016-12-04 23:44:53.052580"]]
  [1m[36m (176.7ms)[0m  [1mcommit transaction[0m
  [1m[35mUser Load (0.5ms)[0m  SELECT "users".* FROM "users"
  [1m[36mUser Load (0.0ms)[0m  [1mSELECT  "users".* FROM "users"  ORDER BY "users"."id" ASC LIMIT 1[0m
  [1m[35mUser Load (0.5ms)[0m  SELECT  "users".* FROM "users"  ORDER BY "users"."id" ASC LIMIT 1 OFFSET 1
  [1m[36m (0.5ms)[0m  [1mbegin transaction[0m
  [1m[35mSQL (2.6ms)[0m  INSERT INTO "friendships" ("user_id", "friend_id", "created_at", "updated_at") VALUES (?, ?, ?, ?)  [["user_id", 1], ["friend_id", 2], ["created_at", "2016-12-04 23:45:49.781777"], ["updated_at", "2016-12-04 23:45:49.781777"]]
  [1m[36m (104.6ms)[0m  [1mcommit transaction[0m
  [1m[35m (0.0ms)[0m  begin transaction
  [1m[36mSQL (1.5ms)[0m  [1mINSERT INTO "users" ("first_name", "last_name", "created_at", "updated_at") VALUES (?, ?, ?, ?)[0m  [["first_name", "FA-4"], ["last_name", "Tatooine"], ["created_at", "2016-12-04 23:46:31.330911"], ["updated_at", "2016-12-04 23:46:31.330911"]]
  [1m[35m (137.6ms)[0m  commit transaction
  [1m[36m (0.0ms)[0m  [1mbegin transaction[0m
  [1m[35mSQL (4.0ms)[0m  INSERT INTO "users" ("first_name", "last_name", "created_at", "updated_at") VALUES (?, ?, ?, ?)  [["first_name", "NR-N99"], ["last_name", "Endor"], ["created_at", "2016-12-04 23:46:31.476996"], ["updated_at", "2016-12-04 23:46:31.476996"]]
  [1m[36m (108.0ms)[0m  [1mcommit transaction[0m
  [1m[35m (0.0ms)[0m  begin transaction
  [1m[36mSQL (1.5ms)[0m  [1mINSERT INTO "users" ("first_name", "last_name", "created_at", "updated_at") VALUES (?, ?, ?, ?)[0m  [["first_name", "4-LOM"], ["last_name", "Utapau"], ["created_at", "2016-12-04 23:46:31.596487"], ["updated_at", "2016-12-04 23:46:31.596487"]]
  [1m[35m (94.8ms)[0m  commit transaction
  [1m[36m (0.5ms)[0m  [1mbegin transaction[0m
  [1m[35mSQL (2.5ms)[0m  INSERT INTO "users" ("first_name", "last_name", "created_at", "updated_at") VALUES (?, ?, ?, ?)  [["first_name", "B4-D4"], ["last_name", "Mustafar"], ["created_at", "2016-12-04 23:46:31.698822"], ["updated_at", "2016-12-04 23:46:31.698822"]]
  [1m[36m (112.2ms)[0m  [1mcommit transaction[0m
  [1m[35m (0.0ms)[0m  begin transaction
  [1m[36mSQL (3.0ms)[0m  [1mINSERT INTO "users" ("first_name", "last_name", "created_at", "updated_at") VALUES (?, ?, ?, ?)[0m  [["first_name", "NR-N99"], ["last_name", "Kamino"], ["created_at", "2016-12-04 23:46:31.822518"], ["updated_at", "2016-12-04 23:46:31.822518"]]
  [1m[35m (120.6ms)[0m  commit transaction
  [1m[36mUser Load (0.5ms)[0m  [1mSELECT  "users".* FROM "users" WHERE "users"."id" = ? LIMIT 1[0m  [["id", 8]]
  [1m[35mUser Load (0.0ms)[0m  SELECT  "users".* FROM "users" WHERE "users"."id" = ? LIMIT 1  [["id", 2]]
  [1m[36m (0.0ms)[0m  [1mbegin transaction[0m
  [1m[35mSQL (2.6ms)[0m  INSERT INTO "friendships" ("user_id", "friend_id", "created_at", "updated_at") VALUES (?, ?, ?, ?)  [["user_id", 8], ["friend_id", 2], ["created_at", "2016-12-04 23:48:19.450532"], ["updated_at", "2016-12-04 23:48:19.450532"]]
  [1m[36m (107.4ms)[0m  [1mcommit transaction[0m
  [1m[35mUser Load (0.5ms)[0m  SELECT  "users".* FROM "users" WHERE "users"."id" = ? LIMIT 1  [["id", 8]]
  [1m[36mUser Load (0.5ms)[0m  [1mSELECT  "users".* FROM "users" WHERE "users"."id" = ? LIMIT 1[0m  [["id", 3]]
  [1m[35m (0.0ms)[0m  begin transaction
  [1m[36mSQL (4.5ms)[0m  [1mINSERT INTO "friendships" ("user_id", "friend_id", "created_at", "updated_at") VALUES (?, ?, ?, ?)[0m  [["user_id", 8], ["friend_id", 3], ["created_at", "2016-12-04 23:48:19.581022"], ["updated_at", "2016-12-04 23:48:19.581022"]]
  [1m[35m (94.5ms)[0m  commit transaction
  [1m[36mUser Load (0.0ms)[0m  [1mSELECT  "users".* FROM "users" WHERE "users"."id" = ? LIMIT 1[0m  [["id", 8]]
  [1m[35mUser Load (0.5ms)[0m  SELECT  "users".* FROM "users" WHERE "users"."id" = ? LIMIT 1  [["id", 4]]
  [1m[36m (0.0ms)[0m  [1mbegin transaction[0m
  [1m[35mSQL (1.0ms)[0m  INSERT INTO "friendships" ("user_id", "friend_id", "created_at", "updated_at") VALUES (?, ?, ?, ?)  [["user_id", 8], ["friend_id", 4], ["created_at", "2016-12-04 23:48:19.687049"], ["updated_at", "2016-12-04 23:48:19.687049"]]
  [1m[36m (93.2ms)[0m  [1mcommit transaction[0m
  [1m[35mUser Load (0.5ms)[0m  SELECT  "users".* FROM "users" WHERE "users"."id" = ? LIMIT 1  [["id", 8]]
  [1m[36mUser Load (0.5ms)[0m  [1mSELECT  "users".* FROM "users" WHERE "users"."id" = ? LIMIT 1[0m  [["id", 5]]
  [1m[35m (0.5ms)[0m  begin transaction
  [1m[36mSQL (3.5ms)[0m  [1mINSERT INTO "friendships" ("user_id", "friend_id", "created_at", "updated_at") VALUES (?, ?, ?, ?)[0m  [["user_id", 8], ["friend_id", 5], ["created_at", "2016-12-04 23:48:19.792258"], ["updated_at", "2016-12-04 23:48:19.792258"]]
  [1m[35m (117.0ms)[0m  commit transaction
  [1m[36mUser Load (0.0ms)[0m  [1mSELECT  "users".* FROM "users" WHERE "users"."id" = ? LIMIT 1[0m  [["id", 8]]
  [1m[35mUser Load (0.5ms)[0m  SELECT  "users".* FROM "users" WHERE "users"."id" = ? LIMIT 1  [["id", 6]]
  [1m[36m (0.5ms)[0m  [1mbegin transaction[0m
  [1m[35mSQL (1.5ms)[0m  INSERT INTO "friendships" ("user_id", "friend_id", "created_at", "updated_at") VALUES (?, ?, ?, ?)  [["user_id", 8], ["friend_id", 6], ["created_at", "2016-12-04 23:48:19.922642"], ["updated_at", "2016-12-04 23:48:19.922642"]]
  [1m[36m (89.9ms)[0m  [1mcommit transaction[0m
  [1m[35mUser Load (0.5ms)[0m  SELECT  "users".* FROM "users" WHERE "users"."id" = ? LIMIT 1  [["id", 8]]
  [1m[36mUser Load (0.5ms)[0m  [1mSELECT  "users".* FROM "users" WHERE "users"."id" = ? LIMIT 1[0m  [["id", 7]]
  [1m[35m (0.5ms)[0m  begin transaction
  [1m[36mSQL (2.7ms)[0m  [1mINSERT INTO "friendships" ("user_id", "friend_id", "created_at", "updated_at") VALUES (?, ?, ?, ?)[0m  [["user_id", 8], ["friend_id", 7], ["created_at", "2016-12-04 23:48:20.024586"], ["updated_at", "2016-12-04 23:48:20.024586"]]
  [1m[35m (130.0ms)[0m  commit transaction
  [1m[36mFriendship Load (0.5ms)[0m  [1mSELECT "friendships".* FROM "friendships"[0m
  [1m[35mUser Load (0.0ms)[0m  SELECT  "users".* FROM "users" WHERE "users"."id" = ? LIMIT 1  [["id", 1]]
  [1m[36mUser Load (0.0ms)[0m  [1mSELECT  "users".* FROM "users" WHERE "users"."id" = ? LIMIT 1[0m  [["id", 3]]
  [1m[35m (0.0ms)[0m  begin transaction
  [1m[36mSQL (2.5ms)[0m  [1mINSERT INTO "friendships" ("user_id", "friend_id", "created_at", "updated_at") VALUES (?, ?, ?, ?)[0m  [["user_id", 1], ["friend_id", 3], ["created_at", "2016-12-04 23:49:19.317627"], ["updated_at", "2016-12-04 23:49:19.317627"]]
  [1m[35m (114.3ms)[0m  commit transaction
  [1m[36mUser Load (0.5ms)[0m  [1mSELECT  "users".* FROM "users" WHERE "users"."id" = ? LIMIT 1[0m  [["id", 1]]
  [1m[35mUser Load (0.5ms)[0m  SELECT  "users".* FROM "users" WHERE "users"."id" = ? LIMIT 1  [["id", 4]]
  [1m[36m (0.0ms)[0m  [1mbegin transaction[0m
  [1m[35mSQL (3.0ms)[0m  INSERT INTO "friendships" ("user_id", "friend_id", "created_at", "updated_at") VALUES (?, ?, ?, ?)  [["user_id", 1], ["friend_id", 4], ["created_at", "2016-12-04 23:49:19.452547"], ["updated_at", "2016-12-04 23:49:19.452547"]]
  [1m[36m (144.2ms)[0m  [1mcommit transaction[0m
  [1m[35mUser Load (1.0ms)[0m  SELECT  "users".* FROM "users" WHERE "users"."id" = ? LIMIT 1  [["id", 1]]
  [1m[36mUser Load (0.5ms)[0m  [1mSELECT  "users".* FROM "users" WHERE "users"."id" = ? LIMIT 1[0m  [["id", 5]]
  [1m[35m (0.5ms)[0m  begin transaction
  [1m[36mSQL (2.0ms)[0m  [1mINSERT INTO "friendships" ("user_id", "friend_id", "created_at", "updated_at") VALUES (?, ?, ?, ?)[0m  [["user_id", 1], ["friend_id", 5], ["created_at", "2016-12-04 23:49:19.612728"], ["updated_at", "2016-12-04 23:49:19.612728"]]
  [1m[35m (127.2ms)[0m  commit transaction
  [1m[36mUser Load (0.5ms)[0m  [1mSELECT  "users".* FROM "users" WHERE "users"."id" = ? LIMIT 1[0m  [["id", 1]]
  [1m[35mUser Load (0.5ms)[0m  SELECT  "users".* FROM "users" WHERE "users"."id" = ? LIMIT 1  [["id", 6]]
  [1m[36m (0.0ms)[0m  [1mbegin transaction[0m
  [1m[35mSQL (2.8ms)[0m  INSERT INTO "friendships" ("user_id", "friend_id", "created_at", "updated_at") VALUES (?, ?, ?, ?)  [["user_id", 1], ["friend_id", 6], ["created_at", "2016-12-04 23:49:19.754450"], ["updated_at", "2016-12-04 23:49:19.754450"]]
  [1m[36m (109.0ms)[0m  [1mcommit transaction[0m
  [1m[35mUser Load (0.5ms)[0m  SELECT  "users".* FROM "users" WHERE "users"."id" = ? LIMIT 1  [["id", 1]]
  [1m[36mUser Load (0.0ms)[0m  [1mSELECT  "users".* FROM "users" WHERE "users"."id" = ? LIMIT 1[0m  [["id", 7]]
  [1m[35m (0.0ms)[0m  begin transaction
  [1m[36mSQL (3.7ms)[0m  [1mINSERT INTO "friendships" ("user_id", "friend_id", "created_at", "updated_at") VALUES (?, ?, ?, ?)[0m  [["user_id", 1], ["friend_id", 7], ["created_at", "2016-12-04 23:49:19.880121"], ["updated_at", "2016-12-04 23:49:19.880121"]]
  [1m[35m (117.5ms)[0m  commit transaction
  [1m[36mUser Load (1.0ms)[0m  [1mSELECT  "users".* FROM "users" WHERE "users"."id" = ? LIMIT 1[0m  [["id", 1]]
  [1m[35mUser Load (0.5ms)[0m  SELECT  "users".* FROM "users" WHERE "users"."id" = ? LIMIT 1  [["id", 8]]
  [1m[36m (0.0ms)[0m  [1mbegin transaction[0m
  [1m[35mSQL (3.5ms)[0m  INSERT INTO "friendships" ("user_id", "friend_id", "created_at", "updated_at") VALUES (?, ?, ?, ?)  [["user_id", 1], ["friend_id", 8], ["created_at", "2016-12-04 23:49:20.012826"], ["updated_at", "2016-12-04 23:49:20.012826"]]
  [1m[36m (107.1ms)[0m  [1mcommit transaction[0m
  [1m[35mUser Load (0.0ms)[0m  SELECT  "users".* FROM "users"  ORDER BY "users"."id" ASC LIMIT 1
  [1m[36mUser Load (0.5ms)[0m  [1mSELECT "users".* FROM "users" INNER JOIN "friendships" ON "users"."id" = "friendships"."friend_id" WHERE "friendships"."user_id" = ?[0m  [["user_id", 1]]
  [1m[35mUser Load (1.0ms)[0m  SELECT  "users".* FROM "users"  ORDER BY "users"."id" ASC LIMIT 1
  [1m[36mUser Load (0.5ms)[0m  [1mSELECT  "users".* FROM "users"  ORDER BY "users"."id" ASC LIMIT 1[0m
  [1m[35mUser Load (0.0ms)[0m  SELECT "users".* FROM "users" INNER JOIN "friendships" ON "users"."id" = "friendships"."friend_id" WHERE "friendships"."user_id" = ?  [["user_id", 1]]
  [1m[36mUser Load (0.0ms)[0m  [1mSELECT  "users".* FROM "users" WHERE "users"."id" = ? LIMIT 1[0m  [["id", 8]]
  [1m[35mUser Load (0.5ms)[0m  SELECT  "users".* FROM "users" WHERE "users"."id" = ? LIMIT 1  [["id", 1]]
  [1m[36mUser Load (0.0ms)[0m  [1mSELECT  "users".* FROM "users" WHERE "users"."id" = ? LIMIT 1[0m  [["id", 8]]
  [1m[35mUser Load (0.0ms)[0m  SELECT "users".* FROM "users" INNER JOIN "friendships" ON "users"."id" = "friendships"."friend_id" WHERE "friendships"."user_id" = ?  [["user_id", 8]]
  [1m[36mFriendship Load (0.5ms)[0m  [1mSELECT "friendships".* FROM "friendships"[0m
  [1m[35mUser Load (0.0ms)[0m  SELECT  "users".* FROM "users" WHERE "users"."id" = ? LIMIT 1  [["id", 3]]
  [1m[36mUser Load (0.0ms)[0m  [1mSELECT  "users".* FROM "users" WHERE "users"."id" = ? LIMIT 1[0m  [["id", 5]]
  [1m[35m (0.0ms)[0m  begin transaction
  [1m[36mSQL (2.5ms)[0m  [1mINSERT INTO "friendships" ("user_id", "friend_id", "created_at", "updated_at") VALUES (?, ?, ?, ?)[0m  [["user_id", 3], ["friend_id", 5], ["created_at", "2016-12-05 00:02:26.965352"], ["updated_at", "2016-12-05 00:02:26.965352"]]
  [1m[35m (112.2ms)[0m  commit transaction
  [1m[36mUser Load (1.0ms)[0m  [1mSELECT  "users".* FROM "users" WHERE "users"."id" = ? LIMIT 1[0m  [["id", 3]]
  [1m[35mUser Load (1.0ms)[0m  SELECT  "users".* FROM "users" WHERE "users"."id" = ? LIMIT 1  [["id", 6]]
  [1m[36m (0.5ms)[0m  [1mbegin transaction[0m
  [1m[35mSQL (3.5ms)[0m  INSERT INTO "friendships" ("user_id", "friend_id", "created_at", "updated_at") VALUES (?, ?, ?, ?)  [["user_id", 3], ["friend_id", 6], ["created_at", "2016-12-05 00:02:27.092309"], ["updated_at", "2016-12-05 00:02:27.092309"]]
  [1m[36m (124.7ms)[0m  [1mcommit transaction[0m
  [1m[35mUser Load (0.0ms)[0m  SELECT  "users".* FROM "users" WHERE "users"."id" = ? LIMIT 1  [["id", 3]]
  [1m[36mUser Load (0.0ms)[0m  [1mSELECT  "users".* FROM "users" WHERE "users"."id" = ? LIMIT 1[0m  [["id", 7]]
  [1m[35m (0.0ms)[0m  begin transaction
  [1m[36mSQL (1.2ms)[0m  [1mINSERT INTO "friendships" ("user_id", "friend_id", "created_at", "updated_at") VALUES (?, ?, ?, ?)[0m  [["user_id", 3], ["friend_id", 7], ["created_at", "2016-12-05 00:02:27.226521"], ["updated_at", "2016-12-05 00:02:27.226521"]]
  [1m[35m (110.6ms)[0m  commit transaction
  [1m[36mUser Load (0.5ms)[0m  [1mSELECT  "users".* FROM "users" WHERE "users"."id" = ? LIMIT 1[0m  [["id", 8]]
  [1m[35mUser Load (0.5ms)[0m  SELECT  "users".* FROM "users" WHERE "users"."id" = ? LIMIT 1  [["id", 3]]
  [1m[36mFriendship Load (0.0ms)[0m  [1mSELECT "friendships".* FROM "friendships" WHERE "friendships"."user_id" = 8 AND ("friendships"."user_id" != 3)[0m
  [1m[35mUser Load (0.0ms)[0m  SELECT  "users".* FROM "users"  ORDER BY "users"."id" ASC LIMIT 1
  [1m[36mUser Load (0.5ms)[0m  [1mSELECT  "users".* FROM "users"  ORDER BY "users"."id" ASC LIMIT 1[0m
  [1m[35mFriendship Load (0.0ms)[0m  SELECT "friendships".* FROM "friendships" WHERE ("friendships"."user_id" != 1)
  [1m[36mUser Load (0.0ms)[0m  [1mSELECT  "users".* FROM "users"  ORDER BY "users"."id" ASC LIMIT 1[0m
  [1m[35mUser Load (0.0ms)[0m  SELECT  "users".* FROM "users"  ORDER BY "users"."id" ASC LIMIT 1
  [1m[36mFriendship Load (0.5ms)[0m  [1mSELECT "friendships".* FROM "friendships" WHERE ("friendships"."user_id" != 1) AND ("friendships"."friend_id" != 1)[0m
  [1m[35mUser Load (0.0ms)[0m  SELECT  "users".* FROM "users" WHERE "users"."id" = ? LIMIT 1  [["id", 4]]
  [1m[36mUser Load (0.5ms)[0m  [1mSELECT  "users".* FROM "users"  ORDER BY "users"."id" ASC LIMIT 1[0m
  [1m[35m (0.5ms)[0m  begin transaction
  [1m[36mSQL (2.0ms)[0m  [1mINSERT INTO "friendships" ("user_id", "friend_id", "created_at", "updated_at") VALUES (?, ?, ?, ?)[0m  [["user_id", 4], ["friend_id", 1], ["created_at", "2016-12-05 00:07:03.800664"], ["updated_at", "2016-12-05 00:07:03.800664"]]
  [1m[35m (174.7ms)[0m  commit transaction
  [1m[36mUser Load (0.5ms)[0m  [1mSELECT  "users".* FROM "users"  ORDER BY "users"."id" ASC LIMIT 1[0m
  [1m[35mUser Load (0.0ms)[0m  SELECT  "users".* FROM "users"  ORDER BY "users"."id" ASC LIMIT 1
  [1m[36mFriendship Load (0.5ms)[0m  [1mSELECT "friendships".* FROM "friendships" WHERE ("friendships"."user_id" != 1) AND ("friendships"."friend_id" != 1)[0m
  [1m[35mFriendship Load (0.0ms)[0m  SELECT "friendships".* FROM "friendships"
  [1m[36mUser Load (0.5ms)[0m  [1mSELECT  "users".* FROM "users"  ORDER BY "users"."id" ASC LIMIT 1[0m
  [1m[35mFriendship Load (0.5ms)[0m  SELECT "friendships".* FROM "friendships" WHERE ("friendships"."user_id" != 1)
