  [1m[36mUser Load (2.5ms)[0m  [1mSELECT "users".* FROM "users"[0m
  [1m[35mUser Load (6.0ms)[0m  SELECT "users".* FROM "users"
  [1m[36mUser Load (2.0ms)[0m  [1mSELECT "users".* FROM "users"[0m
  [1m[36m (35.2ms)[0m  [1mCREATE TABLE "schema_migrations" ("version" varchar NOT NULL) [0m
  [1m[35m (0.5ms)[0m  select sqlite_version(*)
  [1m[36m (10.0ms)[0m  [1mCREATE UNIQUE INDEX "unique_schema_migrations" ON "schema_migrations" ("version")[0m
  [1m[35mActiveRecord::SchemaMigration Load (0.5ms)[0m  SELECT "schema_migrations".* FROM "schema_migrations"
Migrating to CreateUsers (20161201225416)
  [1m[36m (0.0ms)[0m  [1mbegin transaction[0m
  [1m[35m (3.0ms)[0m  CREATE TABLE "users" ("id" INTEGER PRIMARY KEY AUTOINCREMENT NOT NULL, "first_name" varchar, "last_name" varchar, "email" varchar, "age" integer, "created_at" datetime NOT NULL, "updated_at" datetime NOT NULL) 
  [1m[36mSQL (0.0ms)[0m  [1mINSERT INTO "schema_migrations" ("version") VALUES (?)[0m  [["version", "20161201225416"]]
  [1m[35m (9.0ms)[0m  commit transaction
  [1m[36mActiveRecord::SchemaMigration Load (0.5ms)[0m  [1mSELECT "schema_migrations".* FROM "schema_migrations"[0m
  [1m[36mUser Load (8.5ms)[0m  [1mSELECT "users".* FROM "users"[0m
  [1m[35mUser Load (1.0ms)[0m  SELECT "users".* FROM "users"
  [1m[36mUser Load (1.0ms)[0m  [1mSELECT "users".* FROM "users"[0m
  [1m[35mUser Load (0.5ms)[0m  SELECT "users".* FROM "users"
  [1m[36mUser Load (1.0ms)[0m  [1mSELECT "users".* FROM "users"[0m
  [1m[35m (0.0ms)[0m  begin transaction
  [1m[36mSQL (3.0ms)[0m  [1mINSERT INTO "users" ("first_name", "last_name", "email", "age", "created_at", "updated_at") VALUES (?, ?, ?, ?, ?, ?)[0m  [["first_name", "basim"], ["last_name", "muhamad"], ["email", "muhamad@yahoo.com"], ["age", 25], ["created_at", "2016-12-01 23:08:19.453255"], ["updated_at", "2016-12-01 23:08:19.453255"]]
  [1m[35m (8.9ms)[0m  commit transaction
  [1m[36mUser Load (0.5ms)[0m  [1mSELECT "users".* FROM "users"[0m
  [1m[35m (0.5ms)[0m  begin transaction
  [1m[36mSQL (8.5ms)[0m  [1mINSERT INTO "users" ("first_name", "last_name", "email", "age", "created_at", "updated_at") VALUES (?, ?, ?, ?, ?, ?)[0m  [["first_name", "basim"], ["last_name", "muhammad"], ["email", "basim@gmail.com"], ["age", 25], ["created_at", "2016-12-01 23:09:29.361076"], ["updated_at", "2016-12-01 23:09:29.361076"]]
  [1m[35m (24.7ms)[0m  commit transaction
  [1m[36m (0.5ms)[0m  [1mbegin transaction[0m
  [1m[35mSQL (3.0ms)[0m  INSERT INTO "users" ("first_name", "last_name", "email", "age", "created_at", "updated_at") VALUES (?, ?, ?, ?, ?, ?)  [["first_name", "bim"], ["last_name", "hammad"], ["email", "basim@ymail.com"], ["age", 35], ["created_at", "2016-12-01 23:09:57.187165"], ["updated_at", "2016-12-01 23:09:57.187165"]]
  [1m[36m (28.6ms)[0m  [1mcommit transaction[0m
  [1m[35mUser Load (0.5ms)[0m  SELECT "users".* FROM "users"
  [1m[36m (3.5ms)[0m  [1mbegin transaction[0m
  [1m[35mSQL (4.6ms)[0m  INSERT INTO "users" ("first_name", "last_name", "email", "age", "created_at", "updated_at") VALUES (?, ?, ?, ?, ?, ?)  [["first_name", "basil"], ["last_name", "khan"], ["email", "khan@gmail.com"], ["age", 12], ["created_at", "2016-12-02 00:00:55.932277"], ["updated_at", "2016-12-02 00:00:55.932277"]]
  [1m[36m (10.3ms)[0m  [1mcommit transaction[0m
  [1m[35m (0.5ms)[0m  begin transaction
  [1m[36mSQL (8.1ms)[0m  [1mINSERT INTO "users" ("first_name", "last_name", "email", "age", "created_at", "updated_at") VALUES (?, ?, ?, ?, ?, ?)[0m  [["first_name", "basil"], ["last_name", "khan"], ["email", "khan@gmail.com"], ["age", 8], ["created_at", "2016-12-02 00:01:04.131728"], ["updated_at", "2016-12-02 00:01:04.131728"]]
  [1m[35m (8.6ms)[0m  commit transaction
  [1m[36m (0.5ms)[0m  [1mbegin transaction[0m
  [1m[35mSQL (9.5ms)[0m  INSERT INTO "users" ("first_name", "last_name", "email", "age", "created_at", "updated_at") VALUES (?, ?, ?, ?, ?, ?)  [["first_name", "basil"], ["last_name", "khan"], ["email", "khan@gmail.com"], ["age", 8], ["created_at", "2016-12-02 00:01:27.392796"], ["updated_at", "2016-12-02 00:01:27.392796"]]
  [1m[36m (12.3ms)[0m  [1mcommit transaction[0m
  [1m[36mActiveRecord::SchemaMigration Load (0.5ms)[0m  [1mSELECT "schema_migrations".* FROM "schema_migrations"[0m
  [1m[35mActiveRecord::SchemaMigration Load (0.5ms)[0m  SELECT "schema_migrations".* FROM "schema_migrations"
  [1m[36mActiveRecord::SchemaMigration Load (0.5ms)[0m  [1mSELECT "schema_migrations".* FROM "schema_migrations"[0m
  [1m[35mActiveRecord::SchemaMigration Load (0.5ms)[0m  SELECT "schema_migrations".* FROM "schema_migrations"
  [1m[36mActiveRecord::SchemaMigration Load (0.5ms)[0m  [1mSELECT "schema_migrations".* FROM "schema_migrations"[0m
  [1m[35mActiveRecord::SchemaMigration Load (0.5ms)[0m  SELECT "schema_migrations".* FROM "schema_migrations"
  [1m[36m (0.0ms)[0m  [1mbegin transaction[0m
  [1m[35m (0.0ms)[0m  rollback transaction
  [1m[36m (0.5ms)[0m  [1mbegin transaction[0m
  [1m[35m (0.5ms)[0m  rollback transaction
  [1m[36mUser Load (1.0ms)[0m  [1mSELECT "users".* FROM "users"[0m
  [1m[35mUser Load (0.5ms)[0m  SELECT "users".* FROM "users"
  [1m[36m (0.0ms)[0m  [1mbegin transaction[0m
  [1m[35m (0.5ms)[0m  rollback transaction
  [1m[36mUser Load (0.5ms)[0m  [1mSELECT "users".* FROM "users"[0m
  [1m[35mUser Load (1.0ms)[0m  SELECT  "users".* FROM "users"  ORDER BY "users"."id" ASC LIMIT 1
  [1m[36mUser Load (1.0ms)[0m  [1mSELECT  "users".* FROM "users"  ORDER BY "users"."id" DESC LIMIT 1[0m
  [1m[35mUser Load (1.0ms)[0m  SELECT  "users".* FROM "users"  ORDER BY "users"."first_name" DESC LIMIT 1
  [1m[36mUser Load (0.5ms)[0m  [1mSELECT  "users".* FROM "users" WHERE "users"."id" = ? LIMIT 1[0m  [["id", 3]]
  [1m[35mUser Load (1.0ms)[0m  SELECT "users".* FROM "users"
  [1m[36mUser Load (1.0ms)[0m  [1mSELECT  "users".* FROM "users" WHERE "users"."id" = ? LIMIT 1[0m  [["id", 3]]
  [1m[35mUser Load (1.0ms)[0m  SELECT  "users".* FROM "users" WHERE "users"."id" = ? LIMIT 1  [["id", 3]]
  [1m[36m (0.5ms)[0m  [1mbegin transaction[0m
  [1m[35mSQL (10.0ms)[0m  DELETE FROM "users" WHERE "users"."id" = ?  [["id", 3]]
  [1m[36m (10.5ms)[0m  [1mcommit transaction[0m
