

Started GET "/" for ::1 at 2016-12-05 14:42:26 -0600

ActiveRecord::PendingMigrationError (

Migrations are pending. To resolve this issue, run:

	bin/rake db:migrate RAILS_ENV=development

):
  activerecord (4.2.5.1) lib/active_record/migration.rb:392:in `check_pending!'
  activerecord (4.2.5.1) lib/active_record/migration.rb:373:in `call'
  actionpack (4.2.5.1) lib/action_dispatch/middleware/callbacks.rb:29:in `block in call'
  activesupport (4.2.5.1) lib/active_support/callbacks.rb:88:in `__run_callbacks__'
  activesupport (4.2.5.1) lib/active_support/callbacks.rb:778:in `_run_call_callbacks'
  activesupport (4.2.5.1) lib/active_support/callbacks.rb:81:in `run_callbacks'
  actionpack (4.2.5.1) lib/action_dispatch/middleware/callbacks.rb:27:in `call'
  actionpack (4.2.5.1) lib/action_dispatch/middleware/reloader.rb:73:in `call'
  actionpack (4.2.5.1) lib/action_dispatch/middleware/remote_ip.rb:78:in `call'
  actionpack (4.2.5.1) lib/action_dispatch/middleware/debug_exceptions.rb:17:in `call'
  web-console (2.3.0) lib/web_console/middleware.rb:28:in `block in call'
  web-console (2.3.0) lib/web_console/middleware.rb:18:in `catch'
  web-console (2.3.0) lib/web_console/middleware.rb:18:in `call'
  actionpack (4.2.5.1) lib/action_dispatch/middleware/show_exceptions.rb:30:in `call'
  railties (4.2.5.1) lib/rails/rack/logger.rb:38:in `call_app'
  railties (4.2.5.1) lib/rails/rack/logger.rb:20:in `block in call'
  activesupport (4.2.5.1) lib/active_support/tagged_logging.rb:68:in `block in tagged'
  activesupport (4.2.5.1) lib/active_support/tagged_logging.rb:26:in `tagged'
  activesupport (4.2.5.1) lib/active_support/tagged_logging.rb:68:in `tagged'
  railties (4.2.5.1) lib/rails/rack/logger.rb:20:in `call'
  actionpack (4.2.5.1) lib/action_dispatch/middleware/request_id.rb:21:in `call'
  rack (1.6.5) lib/rack/methodoverride.rb:22:in `call'
  rack (1.6.5) lib/rack/runtime.rb:18:in `call'
  activesupport (4.2.5.1) lib/active_support/cache/strategy/local_cache_middleware.rb:28:in `call'
  rack (1.6.5) lib/rack/lock.rb:17:in `call'
  actionpack (4.2.5.1) lib/action_dispatch/middleware/static.rb:116:in `call'
  rack (1.6.5) lib/rack/sendfile.rb:113:in `call'
  railties (4.2.5.1) lib/rails/engine.rb:518:in `call'
  railties (4.2.5.1) lib/rails/application.rb:165:in `call'
  rack (1.6.5) lib/rack/lock.rb:17:in `call'
  rack (1.6.5) lib/rack/content_length.rb:15:in `call'
  rack (1.6.5) lib/rack/handler/webrick.rb:88:in `service'
  C:/RailsInstaller/Ruby2.2.0/lib/ruby/2.2.0/webrick/httpserver.rb:138:in `service'
  C:/RailsInstaller/Ruby2.2.0/lib/ruby/2.2.0/webrick/httpserver.rb:94:in `run'
  C:/RailsInstaller/Ruby2.2.0/lib/ruby/2.2.0/webrick/server.rb:294:in `block in start_thread'


  Rendered C:/RailsInstaller/Ruby2.2.0/lib/ruby/gems/2.2.0/gems/actionpack-4.2.5.1/lib/action_dispatch/middleware/templates/rescues/_source.erb (1.0ms)
  Rendered C:/RailsInstaller/Ruby2.2.0/lib/ruby/gems/2.2.0/gems/actionpack-4.2.5.1/lib/action_dispatch/middleware/templates/rescues/_trace.html.erb (2.0ms)
  Rendered C:/RailsInstaller/Ruby2.2.0/lib/ruby/gems/2.2.0/gems/actionpack-4.2.5.1/lib/action_dispatch/middleware/templates/rescues/_request_and_response.html.erb (1.5ms)
  Rendered C:/RailsInstaller/Ruby2.2.0/lib/ruby/gems/2.2.0/gems/actionpack-4.2.5.1/lib/action_dispatch/middleware/templates/rescues/diagnostics.html.erb within rescues/layout (3303.6ms)
  Rendered C:/RailsInstaller/Ruby2.2.0/lib/ruby/gems/2.2.0/gems/web-console-2.3.0/lib/web_console/templates/_markup.html.erb (1.5ms)
  Rendered C:/RailsInstaller/Ruby2.2.0/lib/ruby/gems/2.2.0/gems/web-console-2.3.0/lib/web_console/templates/_inner_console_markup.html.erb within layouts/inlined_string (1.5ms)
  Rendered C:/RailsInstaller/Ruby2.2.0/lib/ruby/gems/2.2.0/gems/web-console-2.3.0/lib/web_console/templates/_prompt_box_markup.html.erb within layouts/inlined_string (1.0ms)
  Rendered C:/RailsInstaller/Ruby2.2.0/lib/ruby/gems/2.2.0/gems/web-console-2.3.0/lib/web_console/templates/style.css.erb within layouts/inlined_string (2.0ms)
  Rendered C:/RailsInstaller/Ruby2.2.0/lib/ruby/gems/2.2.0/gems/web-console-2.3.0/lib/web_console/templates/console.js.erb within layouts/javascript (8207.5ms)
  Rendered C:/RailsInstaller/Ruby2.2.0/lib/ruby/gems/2.2.0/gems/web-console-2.3.0/lib/web_console/templates/main.js.erb within layouts/javascript (1.0ms)
  Rendered C:/RailsInstaller/Ruby2.2.0/lib/ruby/gems/2.2.0/gems/web-console-2.3.0/lib/web_console/templates/error_page.js.erb within layouts/javascript (1.5ms)
  Rendered C:/RailsInstaller/Ruby2.2.0/lib/ruby/gems/2.2.0/gems/web-console-2.3.0/lib/web_console/templates/index.html.erb (15456.2ms)
  [1m[36m (15.1ms)[0m  [1mCREATE TABLE "schema_migrations" ("version" varchar NOT NULL) [0m
  [1m[35m (0.0ms)[0m  select sqlite_version(*)
  [1m[36m (18.0ms)[0m  [1mCREATE UNIQUE INDEX "unique_schema_migrations" ON "schema_migrations" ("version")[0m
  [1m[35mActiveRecord::SchemaMigration Load (0.5ms)[0m  SELECT "schema_migrations".* FROM "schema_migrations"
Migrating to CreateUsers (20161205203949)
  [1m[36m (0.5ms)[0m  [1mbegin transaction[0m
  [1m[35m (7.5ms)[0m  CREATE TABLE "users" ("id" INTEGER PRIMARY KEY AUTOINCREMENT NOT NULL, "name" varchar, "created_at" datetime NOT NULL, "updated_at" datetime NOT NULL) 
  [1m[36mSQL (1.0ms)[0m  [1mINSERT INTO "schema_migrations" ("version") VALUES (?)[0m  [["version", "20161205203949"]]
  [1m[35m (12.0ms)[0m  commit transaction
  [1m[36mActiveRecord::SchemaMigration Load (0.5ms)[0m  [1mSELECT "schema_migrations".* FROM "schema_migrations"[0m


Started GET "/" for ::1 at 2016-12-05 14:43:58 -0600
  [1m[36mActiveRecord::SchemaMigration Load (1.0ms)[0m  [1mSELECT "schema_migrations".* FROM "schema_migrations"[0m
Processing by Rails::WelcomeController#index as HTML
  Rendered C:/RailsInstaller/Ruby2.2.0/lib/ruby/gems/2.2.0/gems/railties-4.2.5.1/lib/rails/templates/rails/welcome/index.html.erb (3.5ms)
Completed 200 OK in 305ms (Views: 224.2ms | ActiveRecord: 0.0ms)
  [1m[36m (0.5ms)[0m  [1mbegin transaction[0m
  [1m[35mSQL (3.0ms)[0m  INSERT INTO "users" ("name", "created_at", "updated_at") VALUES (?, ?, ?)  [["name", "john"], ["created_at", "2016-12-05 20:45:05.017694"], ["updated_at", "2016-12-05 20:45:05.017694"]]
  [1m[36m (9.5ms)[0m  [1mcommit transaction[0m
  [1m[35m (0.0ms)[0m  begin transaction
  [1m[36mSQL (8.5ms)[0m  [1mINSERT INTO "users" ("name", "created_at", "updated_at") VALUES (?, ?, ?)[0m  [["name", "jimbo"], ["created_at", "2016-12-05 20:45:13.508630"], ["updated_at", "2016-12-05 20:45:13.508630"]]
  [1m[35m (19.5ms)[0m  commit transaction
  [1m[36m (0.0ms)[0m  [1mbegin transaction[0m
  [1m[35mSQL (8.5ms)[0m  INSERT INTO "users" ("name", "created_at", "updated_at") VALUES (?, ?, ?)  [["name", "basim"], ["created_at", "2016-12-05 20:45:20.249256"], ["updated_at", "2016-12-05 20:45:20.249256"]]
  [1m[36m (6.9ms)[0m  [1mcommit transaction[0m
  [1m[35m (0.0ms)[0m  begin transaction
  [1m[36mSQL (8.0ms)[0m  [1mINSERT INTO "users" ("name", "created_at", "updated_at") VALUES (?, ?, ?)[0m  [["name", "danny"], ["created_at", "2016-12-05 20:45:23.773610"], ["updated_at", "2016-12-05 20:45:23.773610"]]
  [1m[35m (9.0ms)[0m  commit transaction
  [1m[36mUser Load (1.0ms)[0m  [1mSELECT "users".* FROM "users"[0m


Started GET "/users" for ::1 at 2016-12-05 14:49:58 -0600
Processing by UsersController#index as HTML
Completed 500 Internal Server Error in 9ms (ActiveRecord: 0.0ms)

NameError (uninitialized constant UsersController::Users):
  app/controllers/users_controller.rb:4:in `index'


  Rendered C:/RailsInstaller/Ruby2.2.0/lib/ruby/gems/2.2.0/gems/actionpack-4.2.5.1/lib/action_dispatch/middleware/templates/rescues/_source.erb (2.5ms)
  Rendered C:/RailsInstaller/Ruby2.2.0/lib/ruby/gems/2.2.0/gems/actionpack-4.2.5.1/lib/action_dispatch/middleware/templates/rescues/_trace.html.erb (10.0ms)
  Rendered C:/RailsInstaller/Ruby2.2.0/lib/ruby/gems/2.2.0/gems/actionpack-4.2.5.1/lib/action_dispatch/middleware/templates/rescues/_request_and_response.html.erb (3.0ms)
  Rendered C:/RailsInstaller/Ruby2.2.0/lib/ruby/gems/2.2.0/gems/actionpack-4.2.5.1/lib/action_dispatch/middleware/templates/rescues/diagnostics.html.erb within rescues/layout (5844.7ms)
  Rendered C:/RailsInstaller/Ruby2.2.0/lib/ruby/gems/2.2.0/gems/web-console-2.3.0/lib/web_console/templates/_markup.html.erb (1.5ms)
  Rendered C:/RailsInstaller/Ruby2.2.0/lib/ruby/gems/2.2.0/gems/web-console-2.3.0/lib/web_console/templates/_inner_console_markup.html.erb within layouts/inlined_string (1.0ms)
  Rendered C:/RailsInstaller/Ruby2.2.0/lib/ruby/gems/2.2.0/gems/web-console-2.3.0/lib/web_console/templates/_prompt_box_markup.html.erb within layouts/inlined_string (1.0ms)
  Rendered C:/RailsInstaller/Ruby2.2.0/lib/ruby/gems/2.2.0/gems/web-console-2.3.0/lib/web_console/templates/style.css.erb within layouts/inlined_string (1.0ms)
  Rendered C:/RailsInstaller/Ruby2.2.0/lib/ruby/gems/2.2.0/gems/web-console-2.3.0/lib/web_console/templates/console.js.erb within layouts/javascript (5636.5ms)
  Rendered C:/RailsInstaller/Ruby2.2.0/lib/ruby/gems/2.2.0/gems/web-console-2.3.0/lib/web_console/templates/main.js.erb within layouts/javascript (1.0ms)
  Rendered C:/RailsInstaller/Ruby2.2.0/lib/ruby/gems/2.2.0/gems/web-console-2.3.0/lib/web_console/templates/error_page.js.erb within layouts/javascript (1.5ms)
  Rendered C:/RailsInstaller/Ruby2.2.0/lib/ruby/gems/2.2.0/gems/web-console-2.3.0/lib/web_console/templates/index.html.erb (12657.1ms)


Started GET "/users" for ::1 at 2016-12-05 14:51:01 -0600
Processing by UsersController#index as HTML
  Rendered users/index.html.erb within layouts/application (3.5ms)
Completed 200 OK in 2589ms (Views: 2576.3ms | ActiveRecord: 0.0ms)


Started GET "/assets/users.self-e3b0c44298fc1c149afbf4c8996fb92427ae41e4649b934ca495991b7852b855.css?body=1" for ::1 at 2016-12-05 14:51:04 -0600


Started GET "/assets/application.self-e80e8f2318043e8af94dddc2adad5a4f09739a8ebb323b3ab31cd71d45fd9113.css?body=1" for ::1 at 2016-12-05 14:51:04 -0600


Started GET "/assets/jquery.self-bd7ddd393353a8d2480a622e80342adf488fb6006d667e8b42e4c0073393abee.js?body=1" for ::1 at 2016-12-05 14:51:04 -0600


Started GET "/assets/jquery_ujs.self-784a997f6726036b1993eb2217c9cb558e1cbb801c6da88105588c56f13b466a.js?body=1" for ::1 at 2016-12-05 14:51:04 -0600


Started GET "/assets/turbolinks.self-c5acd7a204f5f25ce7a1d8a0e4d92e28d34c9e2df2c7371cd7af88e147e4ad82.js?body=1" for ::1 at 2016-12-05 14:51:05 -0600


Started GET "/assets/application.self-3b8dabdc891efe46b9a144b400ad69e37d7e5876bdc39dee783419a69d7ca819.js?body=1" for ::1 at 2016-12-05 14:51:06 -0600


Started GET "/assets/users.self-19a187bec6cdb96d6de80a61c16c857c613536adf9138476bd367db38d282635.js?body=1" for ::1 at 2016-12-05 14:51:06 -0600


Started GET "/users" for ::1 at 2016-12-05 14:51:38 -0600
Processing by UsersController#index as HTML
  [1m[35mUser Load (1.5ms)[0m  SELECT "users".* FROM "users"
Completed 200 OK in 38ms (Views: 21.1ms | ActiveRecord: 5.5ms)


Started GET "/users/new" for ::1 at 2016-12-05 14:54:51 -0600
Processing by UsersController#new as HTML
  Rendered users/index.html.erb within layouts/application (1.0ms)
Completed 200 OK in 410ms (Views: 407.5ms | ActiveRecord: 0.0ms)


Started GET "/users/new" for ::1 at 2016-12-05 14:58:22 -0600
Processing by UsersController#new as HTML
  Rendered users/index.html.erb within layouts/application (1.0ms)
Completed 200 OK in 391ms (Views: 388.2ms | ActiveRecord: 0.0ms)


Started GET "/users/create" for ::1 at 2016-12-05 14:58:30 -0600
Processing by UsersController#create as HTML
  [1m[36m (0.0ms)[0m  [1mbegin transaction[0m
  [1m[35mSQL (3.5ms)[0m  INSERT INTO "users" ("name", "created_at", "updated_at") VALUES (?, ?, ?)  [["name", "rando\#{@count}"], ["created_at", "2016-12-05 20:58:30.756749"], ["updated_at", "2016-12-05 20:58:30.756749"]]
  [1m[36m (13.0ms)[0m  [1mcommit transaction[0m
Redirected to http://localhost:3000users
Completed 302 Found in 129ms (ActiveRecord: 20.1ms)


Started GET "/users/create" for ::1 at 2016-12-05 14:58:30 -0600
Processing by UsersController#create as HTML
  [1m[35m (0.5ms)[0m  begin transaction
  [1m[36mSQL (4.0ms)[0m  [1mINSERT INTO "users" ("name", "created_at", "updated_at") VALUES (?, ?, ?)[0m  [["name", "rando\#{@count}"], ["created_at", "2016-12-05 20:58:30.956896"], ["updated_at", "2016-12-05 20:58:30.956896"]]
  [1m[35m (9.3ms)[0m  commit transaction
Redirected to http://localhost:3000users
Completed 302 Found in 42ms (ActiveRecord: 13.8ms)


Started GET "/users/create" for ::1 at 2016-12-05 14:58:31 -0600
Processing by UsersController#create as HTML
  [1m[36m (0.5ms)[0m  [1mbegin transaction[0m
  [1m[35mSQL (3.5ms)[0m  INSERT INTO "users" ("name", "created_at", "updated_at") VALUES (?, ?, ?)  [["name", "rando\#{@count}"], ["created_at", "2016-12-05 20:58:31.170337"], ["updated_at", "2016-12-05 20:58:31.170337"]]
  [1m[36m (12.0ms)[0m  [1mcommit transaction[0m
Redirected to http://localhost:3000users
Completed 302 Found in 49ms (ActiveRecord: 16.0ms)


Started GET "/users/create" for ::1 at 2016-12-05 14:58:31 -0600
Processing by UsersController#create as HTML
  [1m[35m (0.0ms)[0m  begin transaction
  [1m[36mSQL (4.0ms)[0m  [1mINSERT INTO "users" ("name", "created_at", "updated_at") VALUES (?, ?, ?)[0m  [["name", "rando\#{@count}"], ["created_at", "2016-12-05 20:58:31.338787"], ["updated_at", "2016-12-05 20:58:31.338787"]]
  [1m[35m (12.5ms)[0m  commit transaction
Redirected to http://localhost:3000users
Completed 302 Found in 75ms (ActiveRecord: 16.5ms)


Started GET "/users/create" for ::1 at 2016-12-05 14:58:31 -0600
Processing by UsersController#create as HTML
  [1m[36m (0.0ms)[0m  [1mbegin transaction[0m
  [1m[35mSQL (3.0ms)[0m  INSERT INTO "users" ("name", "created_at", "updated_at") VALUES (?, ?, ?)  [["name", "rando\#{@count}"], ["created_at", "2016-12-05 20:58:31.923445"], ["updated_at", "2016-12-05 20:58:31.923445"]]
  [1m[36m (8.5ms)[0m  [1mcommit transaction[0m
Redirected to http://localhost:3000users
Completed 302 Found in 30ms (ActiveRecord: 11.5ms)


Started GET "/users/create" for ::1 at 2016-12-05 14:58:37 -0600
Processing by UsersController#create as HTML
  [1m[35m (0.5ms)[0m  begin transaction
  [1m[36mSQL (3.0ms)[0m  [1mINSERT INTO "users" ("name", "created_at", "updated_at") VALUES (?, ?, ?)[0m  [["name", "rando\#{@count}"], ["created_at", "2016-12-05 20:58:37.085766"], ["updated_at", "2016-12-05 20:58:37.085766"]]
  [1m[35m (25.6ms)[0m  commit transaction
Redirected to http://localhost:3000users
Completed 302 Found in 44ms (ActiveRecord: 29.1ms)


Started GET "/users/create" for ::1 at 2016-12-05 14:58:52 -0600
Processing by UsersController#create as HTML
  [1m[36m (0.0ms)[0m  [1mbegin transaction[0m
  [1m[35mSQL (8.5ms)[0m  INSERT INTO "users" ("name", "created_at", "updated_at") VALUES (?, ?, ?)  [["name", "rando\#{@count}"], ["created_at", "2016-12-05 20:58:52.816603"], ["updated_at", "2016-12-05 20:58:52.816603"]]
  [1m[36m (14.0ms)[0m  [1mcommit transaction[0m
Redirected to http://localhost:3000users
Completed 302 Found in 45ms (ActiveRecord: 22.5ms)


Started GET "/users/create" for ::1 at 2016-12-05 14:58:52 -0600
Processing by UsersController#create as HTML
  [1m[35m (0.0ms)[0m  begin transaction
  [1m[36mSQL (4.0ms)[0m  [1mINSERT INTO "users" ("name", "created_at", "updated_at") VALUES (?, ?, ?)[0m  [["name", "rando\#{@count}"], ["created_at", "2016-12-05 20:58:53.004797"], ["updated_at", "2016-12-05 20:58:53.004797"]]
  [1m[35m (8.5ms)[0m  commit transaction
Redirected to http://localhost:3000users
Completed 302 Found in 68ms (ActiveRecord: 12.5ms)


Started GET "/users/create" for ::1 at 2016-12-05 14:58:53 -0600
Processing by UsersController#create as HTML
  [1m[36m (0.0ms)[0m  [1mbegin transaction[0m
  [1m[35mSQL (4.0ms)[0m  INSERT INTO "users" ("name", "created_at", "updated_at") VALUES (?, ?, ?)  [["name", "rando\#{@count}"], ["created_at", "2016-12-05 20:58:53.155404"], ["updated_at", "2016-12-05 20:58:53.155404"]]
  [1m[36m (10.1ms)[0m  [1mcommit transaction[0m
Redirected to http://localhost:3000users
Completed 302 Found in 45ms (ActiveRecord: 14.1ms)


Started GET "/users/create" for ::1 at 2016-12-05 14:58:53 -0600
Processing by UsersController#create as HTML
  [1m[35m (0.0ms)[0m  begin transaction
  [1m[36mSQL (2.5ms)[0m  [1mINSERT INTO "users" ("name", "created_at", "updated_at") VALUES (?, ?, ?)[0m  [["name", "rando\#{@count}"], ["created_at", "2016-12-05 20:58:53.333576"], ["updated_at", "2016-12-05 20:58:53.333576"]]
  [1m[35m (11.5ms)[0m  commit transaction
Redirected to http://localhost:3000users
Completed 302 Found in 30ms (ActiveRecord: 14.0ms)


Started GET "/users/create" for ::1 at 2016-12-05 14:58:53 -0600
Processing by UsersController#create as HTML
  [1m[36m (0.0ms)[0m  [1mbegin transaction[0m
  [1m[35mSQL (2.5ms)[0m  INSERT INTO "users" ("name", "created_at", "updated_at") VALUES (?, ?, ?)  [["name", "rando\#{@count}"], ["created_at", "2016-12-05 20:58:53.762381"], ["updated_at", "2016-12-05 20:58:53.762381"]]
  [1m[36m (8.0ms)[0m  [1mcommit transaction[0m
Redirected to http://localhost:3000users
Completed 302 Found in 26ms (ActiveRecord: 10.5ms)


Started GET "/users/create" for ::1 at 2016-12-05 14:59:18 -0600
Processing by UsersController#create as HTML
  [1m[35m (0.0ms)[0m  begin transaction
  [1m[36mSQL (8.1ms)[0m  [1mINSERT INTO "users" ("name", "created_at", "updated_at") VALUES (?, ?, ?)[0m  [["name", "rando\#{@count}"], ["created_at", "2016-12-05 20:59:18.189336"], ["updated_at", "2016-12-05 20:59:18.189336"]]
  [1m[35m (10.0ms)[0m  commit transaction
Redirected to http://localhost:3000users
Completed 302 Found in 44ms (ActiveRecord: 18.1ms)


Started GET "/users/create" for ::1 at 2016-12-05 14:59:18 -0600
Processing by UsersController#create as HTML
  [1m[36m (0.5ms)[0m  [1mbegin transaction[0m
  [1m[35mSQL (15.0ms)[0m  INSERT INTO "users" ("name", "created_at", "updated_at") VALUES (?, ?, ?)  [["name", "rando\#{@count}"], ["created_at", "2016-12-05 20:59:18.686914"], ["updated_at", "2016-12-05 20:59:18.686914"]]
  [1m[36m (10.5ms)[0m  [1mcommit transaction[0m
Redirected to http://localhost:3000users
Completed 302 Found in 77ms (ActiveRecord: 26.0ms)


Started GET "/users/new" for ::1 at 2016-12-05 14:59:55 -0600
Processing by UsersController#new as HTML
  Rendered users/index.html.erb within layouts/application (1.0ms)
Completed 200 OK in 332ms (Views: 329.5ms | ActiveRecord: 0.0ms)


Started GET "/users/create" for ::1 at 2016-12-05 14:59:59 -0600
Processing by UsersController#create as HTML
  [1m[35m (0.0ms)[0m  begin transaction
  [1m[36mSQL (9.0ms)[0m  [1mINSERT INTO "users" ("name", "created_at", "updated_at") VALUES (?, ?, ?)[0m  [["name", "rando\#{@count}"], ["created_at", "2016-12-05 20:59:59.679096"], ["updated_at", "2016-12-05 20:59:59.679096"]]
  [1m[35m (22.5ms)[0m  commit transaction
Redirected to http://localhost:3000/users
Completed 302 Found in 70ms (ActiveRecord: 34.0ms)


Started GET "/users" for ::1 at 2016-12-05 14:59:59 -0600
Processing by UsersController#index as HTML
  [1m[36mUser Load (1.5ms)[0m  [1mSELECT "users".* FROM "users"[0m
Completed 200 OK in 30ms (Views: 26.7ms | ActiveRecord: 1.5ms)


Started GET "/users/new" for ::1 at 2016-12-05 15:00:30 -0600
Processing by UsersController#new as HTML
  Rendered users/index.html.erb within layouts/application (0.0ms)
Completed 200 OK in 347ms (Views: 345.7ms | ActiveRecord: 0.0ms)


Started GET "/users/create" for ::1 at 2016-12-05 15:00:34 -0600
Processing by UsersController#create as HTML
  [1m[35m (0.5ms)[0m  begin transaction
  [1m[36mSQL (8.5ms)[0m  [1mINSERT INTO "users" ("name", "created_at", "updated_at") VALUES (?, ?, ?)[0m  [["name", "rando \#{@count}"], ["created_at", "2016-12-05 21:00:34.745563"], ["updated_at", "2016-12-05 21:00:34.745563"]]
  [1m[35m (24.2ms)[0m  commit transaction
Redirected to http://localhost:3000/users
Completed 302 Found in 75ms (ActiveRecord: 35.2ms)


Started GET "/users" for ::1 at 2016-12-05 15:00:34 -0600
Processing by UsersController#index as HTML
  [1m[36mUser Load (1.0ms)[0m  [1mSELECT "users".* FROM "users"[0m
Completed 200 OK in 34ms (Views: 31.6ms | ActiveRecord: 1.0ms)


Started GET "/users/new" for ::1 at 2016-12-05 15:00:56 -0600
Processing by UsersController#new as HTML
  Rendered users/index.html.erb within layouts/application (0.0ms)
Completed 200 OK in 476ms (Views: 473.1ms | ActiveRecord: 0.0ms)


Started GET "/users/create" for ::1 at 2016-12-05 15:00:59 -0600
Processing by UsersController#create as HTML
  [1m[35m (0.0ms)[0m  begin transaction
  [1m[36mSQL (10.0ms)[0m  [1mINSERT INTO "users" ("name", "created_at", "updated_at") VALUES (?, ?, ?)[0m  [["name", "rando 0"], ["created_at", "2016-12-05 21:00:59.281384"], ["updated_at", "2016-12-05 21:00:59.281384"]]
  [1m[35m (24.0ms)[0m  commit transaction
Redirected to http://localhost:3000/users
Completed 302 Found in 87ms (ActiveRecord: 38.1ms)


Started GET "/users" for ::1 at 2016-12-05 15:00:59 -0600
Processing by UsersController#index as HTML
  [1m[36mUser Load (1.5ms)[0m  [1mSELECT "users".* FROM "users"[0m
Completed 200 OK in 33ms (Views: 28.5ms | ActiveRecord: 1.5ms)


Started GET "/users/new" for ::1 at 2016-12-05 15:01:05 -0600
Processing by UsersController#new as HTML
  Rendered users/index.html.erb within layouts/application (0.5ms)
Completed 200 OK in 315ms (Views: 313.1ms | ActiveRecord: 0.0ms)


Started GET "/users/create" for ::1 at 2016-12-05 15:01:08 -0600
Processing by UsersController#create as HTML
  [1m[35m (0.5ms)[0m  begin transaction
  [1m[36mSQL (3.5ms)[0m  [1mINSERT INTO "users" ("name", "created_at", "updated_at") VALUES (?, ?, ?)[0m  [["name", "rando 0"], ["created_at", "2016-12-05 21:01:08.801301"], ["updated_at", "2016-12-05 21:01:08.801301"]]
  [1m[35m (13.5ms)[0m  commit transaction
Redirected to http://localhost:3000/users
Completed 302 Found in 73ms (ActiveRecord: 17.5ms)


Started GET "/users" for ::1 at 2016-12-05 15:01:08 -0600
Processing by UsersController#index as HTML
  [1m[36mUser Load (1.0ms)[0m  [1mSELECT "users".* FROM "users"[0m
Completed 200 OK in 35ms (Views: 32.0ms | ActiveRecord: 1.0ms)


Started GET "/users/1" for ::1 at 2016-12-05 15:07:13 -0600
Processing by UsersController#show as HTML
  Parameters: {"id"=>"1"}
Completed 500 Internal Server Error in 92ms (ActiveRecord: 0.0ms)

NameError (undefined local variable or method `id' for #<UsersController:0x82b9060>):
  app/controllers/users_controller.rb:19:in `show'


  Rendered C:/RailsInstaller/Ruby2.2.0/lib/ruby/gems/2.2.0/gems/actionpack-4.2.5.1/lib/action_dispatch/middleware/templates/rescues/_source.erb (2.0ms)
  Rendered C:/RailsInstaller/Ruby2.2.0/lib/ruby/gems/2.2.0/gems/actionpack-4.2.5.1/lib/action_dispatch/middleware/templates/rescues/_trace.html.erb (14.0ms)
  Rendered C:/RailsInstaller/Ruby2.2.0/lib/ruby/gems/2.2.0/gems/actionpack-4.2.5.1/lib/action_dispatch/middleware/templates/rescues/_request_and_response.html.erb (3.0ms)
  Rendered C:/RailsInstaller/Ruby2.2.0/lib/ruby/gems/2.2.0/gems/actionpack-4.2.5.1/lib/action_dispatch/middleware/templates/rescues/diagnostics.html.erb within rescues/layout (5982.3ms)
  Rendered C:/RailsInstaller/Ruby2.2.0/lib/ruby/gems/2.2.0/gems/web-console-2.3.0/lib/web_console/templates/_markup.html.erb (1.5ms)
  Rendered C:/RailsInstaller/Ruby2.2.0/lib/ruby/gems/2.2.0/gems/web-console-2.3.0/lib/web_console/templates/_inner_console_markup.html.erb within layouts/inlined_string (1.0ms)
  Rendered C:/RailsInstaller/Ruby2.2.0/lib/ruby/gems/2.2.0/gems/web-console-2.3.0/lib/web_console/templates/_prompt_box_markup.html.erb within layouts/inlined_string (1.0ms)
  Rendered C:/RailsInstaller/Ruby2.2.0/lib/ruby/gems/2.2.0/gems/web-console-2.3.0/lib/web_console/templates/style.css.erb within layouts/inlined_string (0.0ms)
  Rendered C:/RailsInstaller/Ruby2.2.0/lib/ruby/gems/2.2.0/gems/web-console-2.3.0/lib/web_console/templates/console.js.erb within layouts/javascript (5340.9ms)
  Rendered C:/RailsInstaller/Ruby2.2.0/lib/ruby/gems/2.2.0/gems/web-console-2.3.0/lib/web_console/templates/main.js.erb within layouts/javascript (0.0ms)
  Rendered C:/RailsInstaller/Ruby2.2.0/lib/ruby/gems/2.2.0/gems/web-console-2.3.0/lib/web_console/templates/error_page.js.erb within layouts/javascript (0.5ms)
  Rendered C:/RailsInstaller/Ruby2.2.0/lib/ruby/gems/2.2.0/gems/web-console-2.3.0/lib/web_console/templates/index.html.erb (9937.7ms)


Started GET "/users/new" for ::1 at 2016-12-05 15:07:33 -0600
Processing by UsersController#new as HTML
  Rendered users/index.html.erb within layouts/application (0.0ms)
Completed 200 OK in 171ms (Views: 170.1ms | ActiveRecord: 0.0ms)


Started GET "/users/1" for ::1 at 2016-12-05 15:07:51 -0600
Processing by UsersController#show as HTML
  Parameters: {"id"=>"1"}
  [1m[35mUser Load (1.0ms)[0m  SELECT  "users".* FROM "users" WHERE "users"."id" = ? LIMIT 1  [["id", nil]]
Completed 404 Not Found in 69ms (ActiveRecord: 6.5ms)

ActiveRecord::RecordNotFound (Couldn't find User with 'id'=id):
  app/controllers/users_controller.rb:19:in `show'


  Rendered C:/RailsInstaller/Ruby2.2.0/lib/ruby/gems/2.2.0/gems/actionpack-4.2.5.1/lib/action_dispatch/middleware/templates/rescues/_source.erb (3.5ms)
  Rendered C:/RailsInstaller/Ruby2.2.0/lib/ruby/gems/2.2.0/gems/actionpack-4.2.5.1/lib/action_dispatch/middleware/templates/rescues/_trace.html.erb (14.5ms)
  Rendered C:/RailsInstaller/Ruby2.2.0/lib/ruby/gems/2.2.0/gems/actionpack-4.2.5.1/lib/action_dispatch/middleware/templates/rescues/_request_and_response.html.erb (11.5ms)
  Rendered C:/RailsInstaller/Ruby2.2.0/lib/ruby/gems/2.2.0/gems/actionpack-4.2.5.1/lib/action_dispatch/middleware/templates/rescues/diagnostics.html.erb within rescues/layout (6181.0ms)
  Rendered C:/RailsInstaller/Ruby2.2.0/lib/ruby/gems/2.2.0/gems/web-console-2.3.0/lib/web_console/templates/_markup.html.erb (1.5ms)
  Rendered C:/RailsInstaller/Ruby2.2.0/lib/ruby/gems/2.2.0/gems/web-console-2.3.0/lib/web_console/templates/_inner_console_markup.html.erb within layouts/inlined_string (1.5ms)
  Rendered C:/RailsInstaller/Ruby2.2.0/lib/ruby/gems/2.2.0/gems/web-console-2.3.0/lib/web_console/templates/_prompt_box_markup.html.erb within layouts/inlined_string (5.5ms)
  Rendered C:/RailsInstaller/Ruby2.2.0/lib/ruby/gems/2.2.0/gems/web-console-2.3.0/lib/web_console/templates/style.css.erb within layouts/inlined_string (1.5ms)
  Rendered C:/RailsInstaller/Ruby2.2.0/lib/ruby/gems/2.2.0/gems/web-console-2.3.0/lib/web_console/templates/console.js.erb within layouts/javascript (5300.3ms)
  Rendered C:/RailsInstaller/Ruby2.2.0/lib/ruby/gems/2.2.0/gems/web-console-2.3.0/lib/web_console/templates/main.js.erb within layouts/javascript (1.0ms)
  Rendered C:/RailsInstaller/Ruby2.2.0/lib/ruby/gems/2.2.0/gems/web-console-2.3.0/lib/web_console/templates/error_page.js.erb within layouts/javascript (1.0ms)
  Rendered C:/RailsInstaller/Ruby2.2.0/lib/ruby/gems/2.2.0/gems/web-console-2.3.0/lib/web_console/templates/index.html.erb (12733.9ms)


Started GET "/users/1" for ::1 at 2016-12-05 15:12:23 -0600
Processing by UsersController#show as HTML
  Parameters: {"id"=>"1"}
  [1m[36mUser Load (1.0ms)[0m  [1mSELECT  "users".* FROM "users" WHERE "users"."id" = ? LIMIT 1[0m  [["id", 1]]
Completed 200 OK in 234ms (Views: 2.6ms | ActiveRecord: 31.5ms)


Started GET "/users/1/edit" for ::1 at 2016-12-05 15:17:21 -0600
Processing by UsersController#edit as HTML
  [1m[35mUser Load (1.5ms)[0m  SELECT  "users".* FROM "users" WHERE "users"."id" = ? LIMIT 1  [["id", 1]]
Completed 500 Internal Server Error in 174ms (ActiveRecord: 4.1ms)

ActionView::MissingTemplate (Missing template users/edit, application/edit with {:locale=>[:en], :formats=>[:html], :variants=>[], :handlers=>[:erb, :builder, :raw, :ruby, :jbuilder]}. Searched in:
  * "C:/coding_dojo/integrating/app/views"
):
  app/controllers/users_controller.rb:24:in `edit'


  Rendered C:/RailsInstaller/Ruby2.2.0/lib/ruby/gems/2.2.0/gems/actionpack-4.2.5.1/lib/action_dispatch/middleware/templates/rescues/_source.erb (2.5ms)
  Rendered C:/RailsInstaller/Ruby2.2.0/lib/ruby/gems/2.2.0/gems/actionpack-4.2.5.1/lib/action_dispatch/middleware/templates/rescues/_trace.html.erb (12.5ms)
  Rendered C:/RailsInstaller/Ruby2.2.0/lib/ruby/gems/2.2.0/gems/actionpack-4.2.5.1/lib/action_dispatch/middleware/templates/rescues/_request_and_response.html.erb (3.5ms)
  Rendered C:/RailsInstaller/Ruby2.2.0/lib/ruby/gems/2.2.0/gems/actionpack-4.2.5.1/lib/action_dispatch/middleware/templates/rescues/missing_template.html.erb within rescues/layout (5853.6ms)
  Rendered C:/RailsInstaller/Ruby2.2.0/lib/ruby/gems/2.2.0/gems/web-console-2.3.0/lib/web_console/templates/_markup.html.erb (1.5ms)
  Rendered C:/RailsInstaller/Ruby2.2.0/lib/ruby/gems/2.2.0/gems/web-console-2.3.0/lib/web_console/templates/_inner_console_markup.html.erb within layouts/inlined_string (1.0ms)
  Rendered C:/RailsInstaller/Ruby2.2.0/lib/ruby/gems/2.2.0/gems/web-console-2.3.0/lib/web_console/templates/_prompt_box_markup.html.erb within layouts/inlined_string (1.5ms)
  Rendered C:/RailsInstaller/Ruby2.2.0/lib/ruby/gems/2.2.0/gems/web-console-2.3.0/lib/web_console/templates/style.css.erb within layouts/inlined_string (1.5ms)
  Rendered C:/RailsInstaller/Ruby2.2.0/lib/ruby/gems/2.2.0/gems/web-console-2.3.0/lib/web_console/templates/console.js.erb within layouts/javascript (5455.6ms)
  Rendered C:/RailsInstaller/Ruby2.2.0/lib/ruby/gems/2.2.0/gems/web-console-2.3.0/lib/web_console/templates/main.js.erb within layouts/javascript (1.0ms)
  Rendered C:/RailsInstaller/Ruby2.2.0/lib/ruby/gems/2.2.0/gems/web-console-2.3.0/lib/web_console/templates/error_page.js.erb within layouts/javascript (1.5ms)
  Rendered C:/RailsInstaller/Ruby2.2.0/lib/ruby/gems/2.2.0/gems/web-console-2.3.0/lib/web_console/templates/index.html.erb (12743.1ms)


Started GET "/users/1/edit" for ::1 at 2016-12-05 15:17:57 -0600
Processing by UsersController#edit as HTML
  [1m[36mUser Load (1.5ms)[0m  [1mSELECT  "users".* FROM "users" WHERE "users"."id" = ? LIMIT 1[0m  [["id", 1]]
  Rendered users/new.html.erb within layouts/application (1.0ms)
Completed 200 OK in 391ms (Views: 341.5ms | ActiveRecord: 14.0ms)


Started GET "/users/1/edit" for ::1 at 2016-12-05 15:18:15 -0600
Processing by UsersController#edit as HTML
Completed 500 Internal Server Error in 18ms (ActiveRecord: 0.0ms)

NoMethodError (undefined method `name' for 1:Fixnum):
  app/controllers/users_controller.rb:23:in `edit'


  Rendered C:/RailsInstaller/Ruby2.2.0/lib/ruby/gems/2.2.0/gems/actionpack-4.2.5.1/lib/action_dispatch/middleware/templates/rescues/_source.erb (2.5ms)
  Rendered C:/RailsInstaller/Ruby2.2.0/lib/ruby/gems/2.2.0/gems/actionpack-4.2.5.1/lib/action_dispatch/middleware/templates/rescues/_trace.html.erb (11.5ms)
  Rendered C:/RailsInstaller/Ruby2.2.0/lib/ruby/gems/2.2.0/gems/actionpack-4.2.5.1/lib/action_dispatch/middleware/templates/rescues/_request_and_response.html.erb (3.5ms)
  Rendered C:/RailsInstaller/Ruby2.2.0/lib/ruby/gems/2.2.0/gems/actionpack-4.2.5.1/lib/action_dispatch/middleware/templates/rescues/diagnostics.html.erb within rescues/layout (5876.7ms)
  Rendered C:/RailsInstaller/Ruby2.2.0/lib/ruby/gems/2.2.0/gems/web-console-2.3.0/lib/web_console/templates/_markup.html.erb (2.5ms)
  Rendered C:/RailsInstaller/Ruby2.2.0/lib/ruby/gems/2.2.0/gems/web-console-2.3.0/lib/web_console/templates/_inner_console_markup.html.erb within layouts/inlined_string (1.5ms)
  Rendered C:/RailsInstaller/Ruby2.2.0/lib/ruby/gems/2.2.0/gems/web-console-2.3.0/lib/web_console/templates/_prompt_box_markup.html.erb within layouts/inlined_string (1.5ms)
  Rendered C:/RailsInstaller/Ruby2.2.0/lib/ruby/gems/2.2.0/gems/web-console-2.3.0/lib/web_console/templates/style.css.erb within layouts/inlined_string (1.5ms)
  Rendered C:/RailsInstaller/Ruby2.2.0/lib/ruby/gems/2.2.0/gems/web-console-2.3.0/lib/web_console/templates/console.js.erb within layouts/javascript (5327.3ms)
  Rendered C:/RailsInstaller/Ruby2.2.0/lib/ruby/gems/2.2.0/gems/web-console-2.3.0/lib/web_console/templates/main.js.erb within layouts/javascript (1.0ms)
  Rendered C:/RailsInstaller/Ruby2.2.0/lib/ruby/gems/2.2.0/gems/web-console-2.3.0/lib/web_console/templates/error_page.js.erb within layouts/javascript (1.5ms)
  Rendered C:/RailsInstaller/Ruby2.2.0/lib/ruby/gems/2.2.0/gems/web-console-2.3.0/lib/web_console/templates/index.html.erb (12775.6ms)


Started GET "/users/1/edit" for ::1 at 2016-12-05 15:19:03 -0600
Processing by UsersController#edit as HTML
  [1m[35mUser Load (0.5ms)[0m  SELECT  "users".* FROM "users"  ORDER BY "users"."id" ASC LIMIT 1
  Rendered users/new.html.erb within layouts/application (0.5ms)
Completed 200 OK in 398ms (Views: 368.1ms | ActiveRecord: 3.5ms)


Started GET "/users/total" for ::1 at 2016-12-05 15:22:13 -0600

ActionController::RoutingError (No route matches [GET] "/users/total"):
  actionpack (4.2.5.1) lib/action_dispatch/middleware/debug_exceptions.rb:21:in `call'
  web-console (2.3.0) lib/web_console/middleware.rb:28:in `block in call'
  web-console (2.3.0) lib/web_console/middleware.rb:18:in `catch'
  web-console (2.3.0) lib/web_console/middleware.rb:18:in `call'
  actionpack (4.2.5.1) lib/action_dispatch/middleware/show_exceptions.rb:30:in `call'
  railties (4.2.5.1) lib/rails/rack/logger.rb:38:in `call_app'
  railties (4.2.5.1) lib/rails/rack/logger.rb:20:in `block in call'
  activesupport (4.2.5.1) lib/active_support/tagged_logging.rb:68:in `block in tagged'
  activesupport (4.2.5.1) lib/active_support/tagged_logging.rb:26:in `tagged'
  activesupport (4.2.5.1) lib/active_support/tagged_logging.rb:68:in `tagged'
  railties (4.2.5.1) lib/rails/rack/logger.rb:20:in `call'
  actionpack (4.2.5.1) lib/action_dispatch/middleware/request_id.rb:21:in `call'
  rack (1.6.5) lib/rack/methodoverride.rb:22:in `call'
  rack (1.6.5) lib/rack/runtime.rb:18:in `call'
  activesupport (4.2.5.1) lib/active_support/cache/strategy/local_cache_middleware.rb:28:in `call'
  rack (1.6.5) lib/rack/lock.rb:17:in `call'
  actionpack (4.2.5.1) lib/action_dispatch/middleware/static.rb:116:in `call'
  rack (1.6.5) lib/rack/sendfile.rb:113:in `call'
  railties (4.2.5.1) lib/rails/engine.rb:518:in `call'
  railties (4.2.5.1) lib/rails/application.rb:165:in `call'
  rack (1.6.5) lib/rack/lock.rb:17:in `call'
  rack (1.6.5) lib/rack/content_length.rb:15:in `call'
  rack (1.6.5) lib/rack/handler/webrick.rb:88:in `service'
  C:/RailsInstaller/Ruby2.2.0/lib/ruby/2.2.0/webrick/httpserver.rb:138:in `service'
  C:/RailsInstaller/Ruby2.2.0/lib/ruby/2.2.0/webrick/httpserver.rb:94:in `run'
  C:/RailsInstaller/Ruby2.2.0/lib/ruby/2.2.0/webrick/server.rb:294:in `block in start_thread'


  Rendered C:/RailsInstaller/Ruby2.2.0/lib/ruby/gems/2.2.0/gems/actionpack-4.2.5.1/lib/action_dispatch/middleware/templates/rescues/_trace.html.erb (6.0ms)
  Rendered C:/RailsInstaller/Ruby2.2.0/lib/ruby/gems/2.2.0/gems/actionpack-4.2.5.1/lib/action_dispatch/middleware/templates/routes/_route.html.erb (3.0ms)
  Rendered C:/RailsInstaller/Ruby2.2.0/lib/ruby/gems/2.2.0/gems/actionpack-4.2.5.1/lib/action_dispatch/middleware/templates/routes/_table.html.erb (68.0ms)
  Rendered C:/RailsInstaller/Ruby2.2.0/lib/ruby/gems/2.2.0/gems/actionpack-4.2.5.1/lib/action_dispatch/middleware/templates/rescues/_request_and_response.html.erb (4.5ms)
  Rendered C:/RailsInstaller/Ruby2.2.0/lib/ruby/gems/2.2.0/gems/actionpack-4.2.5.1/lib/action_dispatch/middleware/templates/rescues/routing_error.html.erb within rescues/layout (8504.0ms)
  Rendered C:/RailsInstaller/Ruby2.2.0/lib/ruby/gems/2.2.0/gems/web-console-2.3.0/lib/web_console/templates/_markup.html.erb (1.5ms)
  Rendered C:/RailsInstaller/Ruby2.2.0/lib/ruby/gems/2.2.0/gems/web-console-2.3.0/lib/web_console/templates/_inner_console_markup.html.erb within layouts/inlined_string (1.5ms)
  Rendered C:/RailsInstaller/Ruby2.2.0/lib/ruby/gems/2.2.0/gems/web-console-2.3.0/lib/web_console/templates/_prompt_box_markup.html.erb within layouts/inlined_string (0.5ms)
  Rendered C:/RailsInstaller/Ruby2.2.0/lib/ruby/gems/2.2.0/gems/web-console-2.3.0/lib/web_console/templates/style.css.erb within layouts/inlined_string (1.5ms)
  Rendered C:/RailsInstaller/Ruby2.2.0/lib/ruby/gems/2.2.0/gems/web-console-2.3.0/lib/web_console/templates/console.js.erb within layouts/javascript (5104.7ms)
  Rendered C:/RailsInstaller/Ruby2.2.0/lib/ruby/gems/2.2.0/gems/web-console-2.3.0/lib/web_console/templates/main.js.erb within layouts/javascript (1.5ms)
  Rendered C:/RailsInstaller/Ruby2.2.0/lib/ruby/gems/2.2.0/gems/web-console-2.3.0/lib/web_console/templates/error_page.js.erb within layouts/javascript (4.0ms)
  Rendered C:/RailsInstaller/Ruby2.2.0/lib/ruby/gems/2.2.0/gems/web-console-2.3.0/lib/web_console/templates/index.html.erb (12699.5ms)


Started GET "/users/total" for ::1 at 2016-12-05 15:22:59 -0600
Processing by UsersController#total as HTML
  [1m[36mUser Load (1.5ms)[0m  [1mSELECT "users".* FROM "users"[0m
  Rendered text template (0.0ms)
Completed 200 OK in 87ms (Views: 21.4ms | ActiveRecord: 4.0ms)
