  [1m[36m (13.0ms)[0m  [1mCREATE TABLE "schema_migrations" ("version" varchar NOT NULL) [0m
  [1m[35m (0.5ms)[0m  select sqlite_version(*)
  [1m[36m (11.0ms)[0m  [1mCREATE UNIQUE INDEX "unique_schema_migrations" ON "schema_migrations" ("version")[0m
  [1m[35mActiveRecord::SchemaMigration Load (1.0ms)[0m  SELECT "schema_migrations".* FROM "schema_migrations"
Migrating to CreateBlogs (20161202185641)
  [1m[36m (0.0ms)[0m  [1mbegin transaction[0m
  [1m[35m (3.0ms)[0m  CREATE TABLE "blogs" ("id" INTEGER PRIMARY KEY AUTOINCREMENT NOT NULL, "name" varchar, "description" text, "created_at" datetime NOT NULL, "updated_at" datetime NOT NULL) 
  [1m[36mSQL (0.5ms)[0m  [1mINSERT INTO "schema_migrations" ("version") VALUES (?)[0m  [["version", "20161202185641"]]
  [1m[35m (10.9ms)[0m  commit transaction
Migrating to CreatePosts (20161202185811)
  [1m[36m (0.5ms)[0m  [1mbegin transaction[0m
  [1m[35m (3.5ms)[0m  CREATE TABLE "posts" ("id" INTEGER PRIMARY KEY AUTOINCREMENT NOT NULL, "blog_id" integer, "title" varchar, "content" text, "created_at" datetime NOT NULL, "updated_at" datetime NOT NULL) 
  [1m[36m (0.5ms)[0m  [1mCREATE  INDEX "index_posts_on_blog_id" ON "posts" ("blog_id")[0m
  [1m[35mSQL (0.0ms)[0m  INSERT INTO "schema_migrations" ("version") VALUES (?)  [["version", "20161202185811"]]
  [1m[36m (11.5ms)[0m  [1mcommit transaction[0m
Migrating to CreateMessages (20161202185941)
  [1m[35m (0.5ms)[0m  begin transaction
  [1m[36m (3.0ms)[0m  [1mCREATE TABLE "messages" ("id" INTEGER PRIMARY KEY AUTOINCREMENT NOT NULL, "post_id" integer, "author" varchar, "message" text, "created_at" datetime NOT NULL, "updated_at" datetime NOT NULL) [0m
  [1m[35m (0.5ms)[0m  CREATE  INDEX "index_messages_on_post_id" ON "messages" ("post_id")
  [1m[36mSQL (0.5ms)[0m  [1mINSERT INTO "schema_migrations" ("version") VALUES (?)[0m  [["version", "20161202185941"]]
  [1m[35m (8.5ms)[0m  commit transaction
  [1m[36mActiveRecord::SchemaMigration Load (0.5ms)[0m  [1mSELECT "schema_migrations".* FROM "schema_migrations"[0m
  [1m[35m (1.2ms)[0m              SELECT sql
            FROM sqlite_master
            WHERE name='index_messages_on_post_id' AND type='index'
            UNION ALL
            SELECT sql
            FROM sqlite_temp_master
            WHERE name='index_messages_on_post_id' AND type='index'

  [1m[36m (1.0ms)[0m  [1m            SELECT sql
            FROM sqlite_master
            WHERE name='index_posts_on_blog_id' AND type='index'
            UNION ALL
            SELECT sql
            FROM sqlite_temp_master
            WHERE name='index_posts_on_blog_id' AND type='index'
[0m
  [1m[36mActiveRecord::SchemaMigration Load (0.5ms)[0m  [1mSELECT "schema_migrations".* FROM "schema_migrations"[0m
  [1m[35mActiveRecord::SchemaMigration Load (0.5ms)[0m  SELECT "schema_migrations".* FROM "schema_migrations"
  [1m[36m (0.5ms)[0m  [1m            SELECT sql
            FROM sqlite_master
            WHERE name='index_messages_on_post_id' AND type='index'
            UNION ALL
            SELECT sql
            FROM sqlite_temp_master
            WHERE name='index_messages_on_post_id' AND type='index'
[0m
  [1m[35m (0.5ms)[0m              SELECT sql
            FROM sqlite_master
            WHERE name='index_posts_on_blog_id' AND type='index'
            UNION ALL
            SELECT sql
            FROM sqlite_temp_master
            WHERE name='index_posts_on_blog_id' AND type='index'

  [1m[36m (0.0ms)[0m  [1mbegin transaction[0m
  [1m[35mSQL (4.0ms)[0m  INSERT INTO "blogs" ("name", "description", "created_at", "updated_at") VALUES (?, ?, ?, ?)  [["name", "blog1"], ["description", "this is blog1"], ["created_at", "2016-12-02 19:14:40.124979"], ["updated_at", "2016-12-02 19:14:40.124979"]]
  [1m[36m (9.5ms)[0m  [1mcommit transaction[0m
  [1m[35m (0.5ms)[0m  begin transaction
  [1m[36mSQL (2.5ms)[0m  [1mINSERT INTO "blogs" ("name", "description", "created_at", "updated_at") VALUES (?, ?, ?, ?)[0m  [["name", "blog2"], ["description", "this is blog2"], ["created_at", "2016-12-02 19:14:49.922601"], ["updated_at", "2016-12-02 19:14:49.922601"]]
  [1m[35m (11.4ms)[0m  commit transaction
  [1m[36m (0.5ms)[0m  [1mbegin transaction[0m
  [1m[35mSQL (4.0ms)[0m  INSERT INTO "blogs" ("name", "description", "created_at", "updated_at") VALUES (?, ?, ?, ?)  [["name", "blog3"], ["description", "this is blog3"], ["created_at", "2016-12-02 19:14:56.110509"], ["updated_at", "2016-12-02 19:14:56.110509"]]
  [1m[36m (17.5ms)[0m  [1mcommit transaction[0m
  [1m[35m (0.0ms)[0m  begin transaction
  [1m[36mSQL (3.0ms)[0m  [1mINSERT INTO "blogs" ("name", "description", "created_at", "updated_at") VALUES (?, ?, ?, ?)[0m  [["name", "blog4"], ["description", "this is blog4"], ["created_at", "2016-12-02 19:15:01.742852"], ["updated_at", "2016-12-02 19:15:01.742852"]]
  [1m[35m (26.7ms)[0m  commit transaction
  [1m[36m (0.5ms)[0m  [1mbegin transaction[0m
  [1m[35mSQL (9.0ms)[0m  INSERT INTO "blogs" ("name", "description", "created_at", "updated_at") VALUES (?, ?, ?, ?)  [["name", "blog5"], ["description", "this is blog5"], ["created_at", "2016-12-02 19:15:07.893211"], ["updated_at", "2016-12-02 19:15:07.893211"]]
  [1m[36m (9.0ms)[0m  [1mcommit transaction[0m
  [1m[35mBlog Load (0.5ms)[0m  SELECT "blogs".* FROM "blogs"
  [1m[36mBlog Load (0.5ms)[0m  [1mSELECT  "blogs".* FROM "blogs"  ORDER BY "blogs"."id" ASC LIMIT 1[0m
  [1m[35m (0.5ms)[0m  begin transaction
  [1m[36m (0.5ms)[0m  [1mrollback transaction[0m
  [1m[35mBlog Load (0.5ms)[0m  SELECT  "blogs".* FROM "blogs"  ORDER BY "blogs"."id" ASC LIMIT 1
  [1m[36m (0.5ms)[0m  [1mbegin transaction[0m
  [1m[35m (0.5ms)[0m  rollback transaction
  [1m[36mBlog Load (0.5ms)[0m  [1mSELECT  "blogs".* FROM "blogs"  ORDER BY "blogs"."id" ASC LIMIT 1[0m
  [1m[35m (0.0ms)[0m  begin transaction
  [1m[36m (0.0ms)[0m  [1mrollback transaction[0m
  [1m[35mBlog Load (1.0ms)[0m  SELECT  "blogs".* FROM "blogs"  ORDER BY "blogs"."id" ASC LIMIT 1 OFFSET 1
  [1m[36m (0.0ms)[0m  [1mbegin transaction[0m
  [1m[35m (0.0ms)[0m  rollback transaction
  [1m[36mBlog Load (0.5ms)[0m  [1mSELECT  "blogs".* FROM "blogs"  ORDER BY "blogs"."id" ASC LIMIT 1 OFFSET 1[0m
  [1m[35m (0.0ms)[0m  begin transaction
  [1m[36m (0.0ms)[0m  [1mrollback transaction[0m
  [1m[35mBlog Load (0.5ms)[0m  SELECT  "blogs".* FROM "blogs"  ORDER BY "blogs"."id" ASC LIMIT 1 OFFSET 2
  [1m[36m (0.0ms)[0m  [1mbegin transaction[0m
  [1m[35m (0.5ms)[0m  rollback transaction
  [1m[36mBlog Load (0.5ms)[0m  [1mSELECT  "blogs".* FROM "blogs"  ORDER BY "blogs"."id" ASC LIMIT 1 OFFSET 2[0m
  [1m[35m (0.0ms)[0m  begin transaction
  [1m[36m (0.0ms)[0m  [1mrollback transaction[0m
  [1m[35mBlog Load (0.5ms)[0m  SELECT  "blogs".* FROM "blogs"  ORDER BY "blogs"."id" ASC LIMIT 1 OFFSET 2
  [1m[36m (0.0ms)[0m  [1mbegin transaction[0m
  [1m[35m (0.0ms)[0m  rollback transaction
  [1m[36mBlog Load (0.5ms)[0m  [1mSELECT  "blogs".* FROM "blogs"  ORDER BY "blogs"."id" ASC LIMIT 1 OFFSET 2[0m
  [1m[35m (0.0ms)[0m  begin transaction
  [1m[36m (0.0ms)[0m  [1mrollback transaction[0m
  [1m[35mPost Load (1.0ms)[0m  SELECT "posts".* FROM "posts"
  [1m[36mBlog Load (0.5ms)[0m  [1mSELECT  "blogs".* FROM "blogs"  ORDER BY "blogs"."id" ASC LIMIT 1[0m
  [1m[35m (0.5ms)[0m  begin transaction
  [1m[36mSQL (10.0ms)[0m  [1mINSERT INTO "posts" ("blog_id", "title", "content", "created_at", "updated_at") VALUES (?, ?, ?, ?, ?)[0m  [["blog_id", 1], ["title", "mypost1"], ["content", "this is post1"], ["created_at", "2016-12-02 19:19:05.313078"], ["updated_at", "2016-12-02 19:19:05.313078"]]
  [1m[35m (23.0ms)[0m  commit transaction
  [1m[36mPost Load (1.0ms)[0m  [1mSELECT "posts".* FROM "posts"[0m
  [1m[35mBlog Load (1.5ms)[0m  SELECT  "blogs".* FROM "blogs"  ORDER BY "blogs"."id" ASC LIMIT 1
  [1m[36m (0.0ms)[0m  [1mbegin transaction[0m
  [1m[35mSQL (9.0ms)[0m  INSERT INTO "posts" ("blog_id", "title", "content", "created_at", "updated_at") VALUES (?, ?, ?, ?, ?)  [["blog_id", 1], ["title", "mypost2"], ["content", "this is post2"], ["created_at", "2016-12-02 19:19:14.864238"], ["updated_at", "2016-12-02 19:19:14.864238"]]
  [1m[36m (12.0ms)[0m  [1mcommit transaction[0m
  [1m[35mBlog Load (1.0ms)[0m  SELECT  "blogs".* FROM "blogs"  ORDER BY "blogs"."id" ASC LIMIT 1
  [1m[36m (0.5ms)[0m  [1mbegin transaction[0m
  [1m[35mSQL (9.0ms)[0m  INSERT INTO "posts" ("blog_id", "title", "content", "created_at", "updated_at") VALUES (?, ?, ?, ?, ?)  [["blog_id", 1], ["title", "mypost3"], ["content", "this is post3"], ["created_at", "2016-12-02 19:19:20.405638"], ["updated_at", "2016-12-02 19:19:20.405638"]]
  [1m[36m (12.0ms)[0m  [1mcommit transaction[0m
  [1m[35mBlog Load (1.0ms)[0m  SELECT  "blogs".* FROM "blogs"  ORDER BY "blogs"."id" ASC LIMIT 1
  [1m[36m (0.0ms)[0m  [1mbegin transaction[0m
  [1m[35mSQL (9.0ms)[0m  INSERT INTO "posts" ("blog_id", "title", "content", "created_at", "updated_at") VALUES (?, ?, ?, ?, ?)  [["blog_id", 1], ["title", "mypost4"], ["content", "this is post4"], ["created_at", "2016-12-02 19:19:25.951879"], ["updated_at", "2016-12-02 19:19:25.951879"]]
  [1m[36m (11.6ms)[0m  [1mcommit transaction[0m
  [1m[35mBlog Load (0.5ms)[0m  SELECT  "blogs".* FROM "blogs"  ORDER BY "blogs"."id" ASC LIMIT 1
  [1m[36m (0.0ms)[0m  [1mbegin transaction[0m
  [1m[35mSQL (10.2ms)[0m  INSERT INTO "posts" ("blog_id", "title", "content", "created_at", "updated_at") VALUES (?, ?, ?, ?, ?)  [["blog_id", 1], ["title", "mypost5"], ["content", "this is post5"], ["created_at", "2016-12-02 19:19:32.350583"], ["updated_at", "2016-12-02 19:19:32.350583"]]
  [1m[36m (11.2ms)[0m  [1mcommit transaction[0m
  [1m[35mBlog Load (1.0ms)[0m  SELECT  "blogs".* FROM "blogs"  ORDER BY "blogs"."id" ASC LIMIT 1 OFFSET 1
  [1m[36m (0.0ms)[0m  [1mbegin transaction[0m
  [1m[35mSQL (9.5ms)[0m  INSERT INTO "posts" ("blog_id", "title", "content", "created_at", "updated_at") VALUES (?, ?, ?, ?, ?)  [["blog_id", 2], ["title", "mypost6"], ["content", "this is post6"], ["created_at", "2016-12-02 19:19:43.609671"], ["updated_at", "2016-12-02 19:19:43.609671"]]
  [1m[36m (9.5ms)[0m  [1mcommit transaction[0m
  [1m[35mBlog Load (0.5ms)[0m  SELECT  "blogs".* FROM "blogs"  ORDER BY "blogs"."id" ASC LIMIT 1 OFFSET 1
  [1m[36m (0.0ms)[0m  [1mbegin transaction[0m
  [1m[35mSQL (8.5ms)[0m  INSERT INTO "posts" ("blog_id", "title", "content", "created_at", "updated_at") VALUES (?, ?, ?, ?, ?)  [["blog_id", 2], ["title", "mypost7"], ["content", "this is post7"], ["created_at", "2016-12-02 19:19:48.143875"], ["updated_at", "2016-12-02 19:19:48.143875"]]
  [1m[36m (24.6ms)[0m  [1mcommit transaction[0m
  [1m[35mBlog Load (1.0ms)[0m  SELECT  "blogs".* FROM "blogs"  ORDER BY "blogs"."id" ASC LIMIT 1 OFFSET 1
  [1m[36m (0.0ms)[0m  [1mbegin transaction[0m
  [1m[35mSQL (9.1ms)[0m  INSERT INTO "posts" ("blog_id", "title", "content", "created_at", "updated_at") VALUES (?, ?, ?, ?, ?)  [["blog_id", 2], ["title", "mypost8"], ["content", "this is post8"], ["created_at", "2016-12-02 19:19:52.835797"], ["updated_at", "2016-12-02 19:19:52.835797"]]
  [1m[36m (12.5ms)[0m  [1mcommit transaction[0m
  [1m[35mBlog Load (1.0ms)[0m  SELECT  "blogs".* FROM "blogs"  ORDER BY "blogs"."id" ASC LIMIT 1 OFFSET 1
  [1m[36m (0.0ms)[0m  [1mbegin transaction[0m
  [1m[35mSQL (10.0ms)[0m  INSERT INTO "posts" ("blog_id", "title", "content", "created_at", "updated_at") VALUES (?, ?, ?, ?, ?)  [["blog_id", 2], ["title", "mypost9"], ["content", "this is post9"], ["created_at", "2016-12-02 19:19:57.302249"], ["updated_at", "2016-12-02 19:19:57.302249"]]
  [1m[36m (11.0ms)[0m  [1mcommit transaction[0m
  [1m[35mBlog Load (1.0ms)[0m  SELECT  "blogs".* FROM "blogs"  ORDER BY "blogs"."id" ASC LIMIT 1 OFFSET 2
  [1m[36m (0.0ms)[0m  [1mbegin transaction[0m
  [1m[35mSQL (2.5ms)[0m  INSERT INTO "posts" ("blog_id", "title", "content", "created_at", "updated_at") VALUES (?, ?, ?, ?, ?)  [["blog_id", 3], ["title", "mypost10"], ["content", "this is post10"], ["created_at", "2016-12-02 19:20:09.808159"], ["updated_at", "2016-12-02 19:20:09.808159"]]
  [1m[36m (32.5ms)[0m  [1mcommit transaction[0m
  [1m[35mBlog Load (1.0ms)[0m  SELECT  "blogs".* FROM "blogs"  ORDER BY "blogs"."id" ASC LIMIT 1 OFFSET 2
  [1m[36m (0.0ms)[0m  [1mbegin transaction[0m
  [1m[35mSQL (8.3ms)[0m  INSERT INTO "posts" ("blog_id", "title", "content", "created_at", "updated_at") VALUES (?, ?, ?, ?, ?)  [["blog_id", 3], ["title", "mypost11"], ["content", "this is post11"], ["created_at", "2016-12-02 19:20:14.778550"], ["updated_at", "2016-12-02 19:20:14.778550"]]
  [1m[36m (8.3ms)[0m  [1mcommit transaction[0m
  [1m[35mBlog Load (0.5ms)[0m  SELECT  "blogs".* FROM "blogs"  ORDER BY "blogs"."id" ASC LIMIT 1 OFFSET 2
  [1m[36m (0.0ms)[0m  [1mbegin transaction[0m
  [1m[35mSQL (8.6ms)[0m  INSERT INTO "posts" ("blog_id", "title", "content", "created_at", "updated_at") VALUES (?, ?, ?, ?, ?)  [["blog_id", 3], ["title", "mypost12"], ["content", "this is post12"], ["created_at", "2016-12-02 19:20:19.676930"], ["updated_at", "2016-12-02 19:20:19.676930"]]
  [1m[36m (30.5ms)[0m  [1mcommit transaction[0m
  [1m[35mBlog Load (1.5ms)[0m  SELECT  "blogs".* FROM "blogs"  ORDER BY "blogs"."id" ASC LIMIT 1 OFFSET 2
  [1m[36m (0.0ms)[0m  [1mbegin transaction[0m
  [1m[35mSQL (8.7ms)[0m  INSERT INTO "posts" ("blog_id", "title", "content", "created_at", "updated_at") VALUES (?, ?, ?, ?, ?)  [["blog_id", 3], ["title", "mypost13"], ["content", "this is post13"], ["created_at", "2016-12-02 19:20:24.978173"], ["updated_at", "2016-12-02 19:20:24.978173"]]
  [1m[36m (23.2ms)[0m  [1mcommit transaction[0m
  [1m[35mBlog Load (0.5ms)[0m  SELECT  "blogs".* FROM "blogs"  ORDER BY "blogs"."id" ASC LIMIT 1 OFFSET 3
  [1m[36m (0.0ms)[0m  [1mbegin transaction[0m
  [1m[35mSQL (8.1ms)[0m  INSERT INTO "posts" ("blog_id", "title", "content", "created_at", "updated_at") VALUES (?, ?, ?, ?, ?)  [["blog_id", 4], ["title", "mypost14"], ["content", "this is post14"], ["created_at", "2016-12-02 19:20:35.010034"], ["updated_at", "2016-12-02 19:20:35.010034"]]
  [1m[36m (10.4ms)[0m  [1mcommit transaction[0m
  [1m[35mBlog Load (0.5ms)[0m  SELECT  "blogs".* FROM "blogs"  ORDER BY "blogs"."id" ASC LIMIT 1 OFFSET 3
  [1m[36m (0.0ms)[0m  [1mbegin transaction[0m
  [1m[35mSQL (2.5ms)[0m  INSERT INTO "posts" ("blog_id", "title", "content", "created_at", "updated_at") VALUES (?, ?, ?, ?, ?)  [["blog_id", 4], ["title", "mypost15"], ["content", "this is post15"], ["created_at", "2016-12-02 19:20:41.082125"], ["updated_at", "2016-12-02 19:20:41.082125"]]
  [1m[36m (17.7ms)[0m  [1mcommit transaction[0m
  [1m[35mBlog Load (1.0ms)[0m  SELECT  "blogs".* FROM "blogs"  ORDER BY "blogs"."id" ASC LIMIT 1 OFFSET 3
  [1m[36m (0.0ms)[0m  [1mbegin transaction[0m
  [1m[35mSQL (8.5ms)[0m  INSERT INTO "posts" ("blog_id", "title", "content", "created_at", "updated_at") VALUES (?, ?, ?, ?, ?)  [["blog_id", 4], ["title", "mypost16"], ["content", "this is post16"], ["created_at", "2016-12-02 19:20:47.783776"], ["updated_at", "2016-12-02 19:20:47.783776"]]
  [1m[36m (10.9ms)[0m  [1mcommit transaction[0m
  [1m[35mBlog Load (1.0ms)[0m  SELECT  "blogs".* FROM "blogs"  ORDER BY "blogs"."id" ASC LIMIT 1 OFFSET 4
  [1m[36m (0.5ms)[0m  [1mbegin transaction[0m
  [1m[35mSQL (3.5ms)[0m  INSERT INTO "posts" ("blog_id", "title", "content", "created_at", "updated_at") VALUES (?, ?, ?, ?, ?)  [["blog_id", 5], ["title", "mypost17"], ["content", "this is post17"], ["created_at", "2016-12-02 19:20:56.263653"], ["updated_at", "2016-12-02 19:20:56.263653"]]
  [1m[36m (9.0ms)[0m  [1mcommit transaction[0m
  [1m[35mBlog Load (1.0ms)[0m  SELECT  "blogs".* FROM "blogs"  ORDER BY "blogs"."id" ASC LIMIT 1 OFFSET 4
  [1m[36m (0.0ms)[0m  [1mbegin transaction[0m
  [1m[35mSQL (8.5ms)[0m  INSERT INTO "posts" ("blog_id", "title", "content", "created_at", "updated_at") VALUES (?, ?, ?, ?, ?)  [["blog_id", 5], ["title", "mypost18"], ["content", "this is post18"], ["created_at", "2016-12-02 19:21:08.687934"], ["updated_at", "2016-12-02 19:21:08.687934"]]
  [1m[36m (10.4ms)[0m  [1mcommit transaction[0m
  [1m[35mBlog Load (1.0ms)[0m  SELECT  "blogs".* FROM "blogs"  ORDER BY "blogs"."id" ASC LIMIT 1 OFFSET 4
  [1m[36m (0.5ms)[0m  [1mbegin transaction[0m
  [1m[35mSQL (11.5ms)[0m  INSERT INTO "posts" ("blog_id", "title", "content", "created_at", "updated_at") VALUES (?, ?, ?, ?, ?)  [["blog_id", 5], ["title", "mypost19"], ["content", "this is post19"], ["created_at", "2016-12-02 19:21:13.351386"], ["updated_at", "2016-12-02 19:21:13.351386"]]
  [1m[36m (12.0ms)[0m  [1mcommit transaction[0m
  [1m[35mPost Load (1.0ms)[0m  SELECT "posts".* FROM "posts"
  [1m[36mPost Load (1.0ms)[0m  [1mSELECT  "posts".* FROM "posts"  ORDER BY "posts"."id" ASC LIMIT 1[0m
  [1m[35m (0.0ms)[0m  begin transaction
  [1m[36mSQL (9.0ms)[0m  [1mINSERT INTO "messages" ("post_id", "author", "message", "created_at", "updated_at") VALUES (?, ?, ?, ?, ?)[0m  [["post_id", 1], ["author", "john doe"], ["message", "this is my favorite message1"], ["created_at", "2016-12-02 19:28:48.047216"], ["updated_at", "2016-12-02 19:28:48.047216"]]
  [1m[35m (19.0ms)[0m  commit transaction
  [1m[36mPost Load (1.0ms)[0m  [1mSELECT  "posts".* FROM "posts"  ORDER BY "posts"."id" ASC LIMIT 1[0m
  [1m[35m (0.0ms)[0m  begin transaction
  [1m[36mSQL (8.6ms)[0m  [1mINSERT INTO "messages" ("post_id", "author", "message", "created_at", "updated_at") VALUES (?, ?, ?, ?, ?)[0m  [["post_id", 1], ["author", "john doe"], ["message", "this is my favorite message2"], ["created_at", "2016-12-02 19:28:54.078539"], ["updated_at", "2016-12-02 19:28:54.078539"]]
  [1m[35m (25.8ms)[0m  commit transaction
  [1m[36mPost Load (0.5ms)[0m  [1mSELECT  "posts".* FROM "posts"  ORDER BY "posts"."id" ASC LIMIT 1[0m
  [1m[35m (0.0ms)[0m  begin transaction
  [1m[36mSQL (8.1ms)[0m  [1mINSERT INTO "messages" ("post_id", "author", "message", "created_at", "updated_at") VALUES (?, ?, ?, ?, ?)[0m  [["post_id", 1], ["author", "john doe"], ["message", "this is my favorite message3"], ["created_at", "2016-12-02 19:28:57.108575"], ["updated_at", "2016-12-02 19:28:57.108575"]]
  [1m[35m (8.8ms)[0m  commit transaction
  [1m[36mPost Load (0.5ms)[0m  [1mSELECT  "posts".* FROM "posts"  ORDER BY "posts"."id" ASC LIMIT 1[0m
  [1m[35m (0.5ms)[0m  begin transaction
  [1m[36mSQL (8.3ms)[0m  [1mINSERT INTO "messages" ("post_id", "author", "message", "created_at", "updated_at") VALUES (?, ?, ?, ?, ?)[0m  [["post_id", 1], ["author", "john doe"], ["message", "this is my favorite message4"], ["created_at", "2016-12-02 19:28:59.221022"], ["updated_at", "2016-12-02 19:28:59.221022"]]
  [1m[35m (9.5ms)[0m  commit transaction
  [1m[36mMessage Load (1.0ms)[0m  [1mSELECT "messages".* FROM "messages"[0m
  [1m[35mBlog Load (1.0ms)[0m  SELECT  "blogs".* FROM "blogs"  ORDER BY "blogs"."id" ASC LIMIT 1
  [1m[36mBlog Load (0.5ms)[0m  [1mSELECT  "blogs".* FROM "blogs"  ORDER BY "blogs"."id" ASC LIMIT 1[0m
  [1m[35mPost Load (0.5ms)[0m  SELECT "posts".* FROM "posts" WHERE "posts"."blog_id" = ?  [["blog_id", 1]]
  [1m[36mBlog Load (1.0ms)[0m  [1mSELECT  "blogs".* FROM "blogs"  ORDER BY "blogs"."id" DESC LIMIT 1[0m
  [1m[35mPost Load (0.5ms)[0m  SELECT "posts".* FROM "posts" WHERE "posts"."blog_id" = ?  [["blog_id", 5]]
  [1m[36mBlog Load (1.5ms)[0m  [1mSELECT  "blogs".* FROM "blogs"  ORDER BY "blogs"."id" DESC LIMIT 1[0m
  [1m[35mPost Load (1.5ms)[0m  SELECT "posts".* FROM "posts" WHERE "posts"."blog_id" = ?  ORDER BY title desc  [["blog_id", 5]]
  [1m[36mPost Load (1.0ms)[0m  [1mSELECT  "posts".* FROM "posts"  ORDER BY "posts"."id" ASC LIMIT 1[0m
  [1m[35m (0.0ms)[0m  begin transaction
  [1m[36mSQL (3.5ms)[0m  [1mUPDATE "posts" SET "title" = ?, "updated_at" = ? WHERE "posts"."id" = ?[0m  [["title", "updated title"], ["updated_at", "2016-12-02 20:31:22.227130"], ["id", 1]]
  [1m[35m (12.0ms)[0m  commit transaction
  [1m[36mPost Load (1.0ms)[0m  [1mSELECT  "posts".* FROM "posts"  ORDER BY "posts"."id" ASC LIMIT 1[0m
  [1m[35mPost Load (1.5ms)[0m  SELECT  "posts".* FROM "posts"  ORDER BY "posts"."id" ASC LIMIT 1 OFFSET 2
  [1m[36m (0.5ms)[0m  [1mbegin transaction[0m
  [1m[35mSQL (9.0ms)[0m  DELETE FROM "posts" WHERE "posts"."id" = ?  [["id", 3]]
  [1m[36m (10.1ms)[0m  [1mcommit transaction[0m
  [1m[35mBlog Load (1.0ms)[0m  SELECT "blogs".* FROM "blogs"
  [1m[36mBlog Load (1.0ms)[0m  [1mSELECT "blogs".* FROM "blogs" WHERE (id<5)[0m
